2022-08-23 01:19:53,088 [INFO] Activator:177 - 


2022-08-23 01:19:53,089 [INFO] Activator:178 - !SESSION log4j initialized
2022-08-23 01:20:27,850 [ERROR] LogOutputStream:74 - [STDERR_REDIRECT] SLF4J: Failed to load class "org.slf4j.impl.StaticLoggerBinder".
2022-08-23 01:20:27,851 [ERROR] LogOutputStream:74 - [STDERR_REDIRECT] SLF4J: Defaulting to no-operation (NOP) logger implementation
2022-08-23 01:20:27,852 [ERROR] LogOutputStream:74 - [STDERR_REDIRECT] SLF4J: See http://www.slf4j.org/codes.html#StaticLoggerBinder for further details.
2022-08-23 01:21:46,793 [INFO] McuFinderGlobals:44 - Set McuFinder mode to 2 (CubeIDE integrated)
2022-08-23 01:21:49,690 [INFO] ApplicationProperties:181 - Using Application install path: D:\Ray\School\STM32CubeIDE_1.10.1\STM32CubeIDE\plugins\com.st.stm32cube.common.mx_6.6.1.202207061420
2022-08-23 01:21:49,749 [INFO] DbMcusXml:77 - Set database path to: D:\Ray\School\STM32CubeIDE_1.10.1\STM32CubeIDE\plugins\com.st.stm32cube.common.mx_6.6.1.202207061420\\db\/mcu/
2022-08-23 01:21:49,749 [INFO] ApiDb:269 - Set plugin database path to: D:\Ray\School\STM32CubeIDE_1.10.1\STM32CubeIDE\plugins\com.st.stm32cube.common.mx_6.6.1.202207061420\\db\/plugins/boardmanager/
2022-08-23 01:21:49,751 [WARN] ApiDb:254 - Overriding images path with different value:  => D:\Ray\School\STM32CubeIDE_1.10.1\STM32CubeIDE\plugins\com.st.stm32cube.common.mx_6.6.1.202207061420\\db\/plugins/mcufinder/images/
2022-08-23 01:21:49,788 [INFO] ApiDb:249 - Set database path to: C:\Users\raybu\.stmcufinder\plugins\mcufinder//mcu/
2022-08-23 01:21:49,791 [INFO] DbMcusAds:124 - Set database path to: C:\Users\raybu\.stmcufinder\plugins\mcufinder//mcu/
2022-08-23 01:21:49,812 [INFO] CrossReferenceDbSqlite:201 - Set database path to: C:\Users\raybu\.stmcufinder\plugins\mcufinder//mcu/cs/
2022-08-23 01:21:49,994 [INFO] RulesReader:61 - Compatibility file has been processed (282 Rules)
2022-08-23 01:21:50,509 [INFO] DbMcusXml:77 - Set database path to: D:\Ray\School\STM32CubeIDE_1.10.1\STM32CubeIDE\plugins\com.st.stm32cube.common.mx_6.6.1.202207061420\\db\/mcu/
2022-08-23 01:21:50,510 [INFO] ApiDb:269 - Set plugin database path to: D:\Ray\School\STM32CubeIDE_1.10.1\STM32CubeIDE\plugins\com.st.stm32cube.common.mx_6.6.1.202207061420\\db\/plugins/boardmanager/
2022-08-23 01:21:50,510 [INFO] ApiDb:256 - Set plugin images path to: D:\Ray\School\STM32CubeIDE_1.10.1\STM32CubeIDE\plugins\com.st.stm32cube.common.mx_6.6.1.202207061420\\db\/plugins/mcufinder/images/
2022-08-23 01:21:50,510 [WARN] DbFile:40 - Overriding database path with different value: C:\Users\raybu\.stmcufinder\plugins\mcufinder/ => C:\Users\raybu\.stmcufinder\plugins\mcufinder
2022-08-23 01:21:50,511 [INFO] ApiDb:249 - Set database path to: C:\Users\raybu\.stmcufinder\plugins\mcufinder//mcu/
2022-08-23 01:21:50,511 [WARN] DbFile:40 - Overriding database path with different value: C:\Users\raybu\.stmcufinder\plugins\mcufinder/ => C:\Users\raybu\.stmcufinder\plugins\mcufinder
2022-08-23 01:21:50,511 [INFO] DbMcusAds:124 - Set database path to: C:\Users\raybu\.stmcufinder\plugins\mcufinder//mcu/
2022-08-23 01:21:50,512 [WARN] DbFile:40 - Overriding database path with different value: C:\Users\raybu\.stmcufinder\plugins\mcufinder/ => C:\Users\raybu\.stmcufinder\plugins\mcufinder
2022-08-23 01:21:50,512 [WARN] DbFile:40 - Overriding database path with different value: C:\Users\raybu\.stmcufinder\plugins\mcufinder/ => C:\Users\raybu\.stmcufinder\plugins\mcufinder
2022-08-23 01:21:50,512 [INFO] CrossReferenceDbSqlite:201 - Set database path to: C:\Users\raybu\.stmcufinder\plugins\mcufinder//mcu/cs/
2022-08-23 01:21:50,641 [INFO] MainPanel:242 - HeapMemory: 413138944
2022-08-23 01:21:50,953 [INFO] DbMcusXml:77 - Set database path to: D:\Ray\School\STM32CubeIDE_1.10.1\STM32CubeIDE\plugins\com.st.stm32cube.common.mx_6.6.1.202207061420\\db\/mcu/
2022-08-23 01:21:50,953 [INFO] ApiDb:269 - Set plugin database path to: D:\Ray\School\STM32CubeIDE_1.10.1\STM32CubeIDE\plugins\com.st.stm32cube.common.mx_6.6.1.202207061420\\db\/plugins/boardmanager/
2022-08-23 01:21:50,953 [INFO] ApiDb:256 - Set plugin images path to: D:\Ray\School\STM32CubeIDE_1.10.1\STM32CubeIDE\plugins\com.st.stm32cube.common.mx_6.6.1.202207061420\\db\/plugins/mcufinder/images/
2022-08-23 01:21:50,955 [WARN] DbFile:40 - Overriding database path with different value: C:\Users\raybu\.stmcufinder\plugins\mcufinder/ => C:\Users\raybu\.stmcufinder\plugins\mcufinder
2022-08-23 01:21:50,955 [INFO] ApiDb:249 - Set database path to: C:\Users\raybu\.stmcufinder\plugins\mcufinder//mcu/
2022-08-23 01:21:50,955 [WARN] DbFile:40 - Overriding database path with different value: C:\Users\raybu\.stmcufinder\plugins\mcufinder/ => C:\Users\raybu\.stmcufinder\plugins\mcufinder
2022-08-23 01:21:50,955 [INFO] DbMcusAds:124 - Set database path to: C:\Users\raybu\.stmcufinder\plugins\mcufinder//mcu/
2022-08-23 01:21:50,956 [WARN] DbFile:40 - Overriding database path with different value: C:\Users\raybu\.stmcufinder\plugins\mcufinder/ => C:\Users\raybu\.stmcufinder\plugins\mcufinder
2022-08-23 01:21:50,956 [WARN] DbFile:40 - Overriding database path with different value: C:\Users\raybu\.stmcufinder\plugins\mcufinder/ => C:\Users\raybu\.stmcufinder\plugins\mcufinder
2022-08-23 01:21:50,956 [INFO] CrossReferenceDbSqlite:201 - Set database path to: C:\Users\raybu\.stmcufinder\plugins\mcufinder//mcu/cs/
2022-08-23 01:21:50,978 [INFO] ApplicationProperties:181 - Using Application install path: D:\Ray\School\STM32CubeIDE_1.10.1\STM32CubeIDE\plugins\com.st.stm32cube.common.mx_6.6.1.202207061420
2022-08-23 01:21:50,980 [INFO] PluginManage:193 - Search for loadable plugins [exclusion list=, ]
2022-08-23 01:21:50,993 [INFO] PluginManage:307 - Check plugin analytics
2022-08-23 01:21:51,216 [INFO] AnalyticsPlugin:262 - Accepted Software Licenses: 
2022-08-23 01:21:51,217 [INFO] AnalyticsPlugin:264 - Accepted CMSIS Pack Licenses: 
2022-08-23 01:21:51,218 [INFO] AnalyticsPlugin:266 - Accepted Firmware Licenses: 
2022-08-23 01:21:51,227 [INFO] PluginManage:356 - Loaded plugin analytics (category:tool,tabindex:-1)
2022-08-23 01:21:51,228 [INFO] PluginManage:307 - Check plugin cadmodel
2022-08-23 01:21:51,248 [INFO] CADModel:65 - Init CAD model plugin
2022-08-23 01:21:51,248 [INFO] PluginManage:356 - Loaded plugin cadmodel (category:power,tabindex:5)
2022-08-23 01:21:51,249 [INFO] PluginManage:307 - Check plugin clock
2022-08-23 01:21:51,290 [INFO] PluginManage:356 - Loaded plugin clock (category:base,tabindex:2)
2022-08-23 01:21:51,290 [INFO] PluginManage:307 - Check plugin ddr
2022-08-23 01:21:51,303 [INFO] PluginManage:356 - Loaded plugin ddr (category:tool,tabindex:6)
2022-08-23 01:21:51,304 [INFO] PluginManage:307 - Check plugin filemanager
2022-08-23 01:21:51,520 [INFO] PluginManage:356 - Loaded plugin filemanager (category:base,tabindex:10)
2022-08-23 01:21:51,521 [INFO] PluginManage:307 - Check plugin ipmanager
2022-08-23 01:21:51,532 [INFO] PluginManage:356 - Loaded plugin ipmanager (category:base,tabindex:5)
2022-08-23 01:21:51,533 [INFO] PluginManage:307 - Check plugin lpbam
2022-08-23 01:21:51,543 [INFO] PluginManage:356 - Loaded plugin lpbam (category:base,tabindex:0)
2022-08-23 01:21:51,543 [INFO] PluginManage:307 - Check plugin pinoutandconfiguration
2022-08-23 01:21:51,553 [INFO] PluginManage:356 - Loaded plugin pinoutandconfiguration (category:base,tabindex:1)
2022-08-23 01:21:51,554 [INFO] PluginManage:307 - Check plugin pinoutconfig
2022-08-23 01:21:51,584 [INFO] PluginManage:356 - Loaded plugin pinoutconfig (category:base,tabindex:0)
2022-08-23 01:21:51,584 [INFO] PluginManage:307 - Check plugin power
2022-08-23 01:21:51,640 [INFO] PluginManage:356 - Loaded plugin power (category:power,tabindex:4)
2022-08-23 01:21:51,641 [INFO] PluginManage:307 - Check plugin projectmanager
2022-08-23 01:21:51,666 [INFO] PluginManage:356 - Loaded plugin projectmanager (category:projectmanager,tabindex:3)
2022-08-23 01:21:51,667 [INFO] PluginManage:307 - Check plugin thirdparty
2022-08-23 01:21:51,929 [INFO] PluginManage:356 - Loaded plugin thirdparty (category:base,tabindex:-1)
2022-08-23 01:21:51,929 [WARN] IntegrityCheckThread:82 - waiting for thirdparty lock release [integrity check]
2022-08-23 01:21:51,929 [INFO] PluginManage:307 - Check plugin tools
2022-08-23 01:21:51,930 [INFO] IntegrityCheckThread:84 - entering critical section [integrity check]
2022-08-23 01:21:51,932 [INFO] ThirdPartyUpdaterWithRetryManager:70 - Updater plugin not ready yet. [1/15]
2022-08-23 01:21:51,933 [INFO] PluginManage:356 - Loaded plugin tools (category:base,tabindex:7)
2022-08-23 01:21:51,933 [INFO] PluginManage:307 - Check plugin tutovideos
2022-08-23 01:21:52,249 [INFO] PluginManage:356 - Loaded plugin tutovideos (category:base,tabindex:-1)
2022-08-23 01:21:52,249 [INFO] PluginManage:307 - Check plugin updater
2022-08-23 01:21:52,273 [INFO] PluginManage:356 - Loaded plugin updater (category:base,tabindex:12)
2022-08-23 01:21:52,273 [INFO] PluginManage:280 - PluginManage : Loaded plugins [15]
2022-08-23 01:21:52,747 [INFO] PinOutPanel:1468 - setPackage(No Configuration,No Configuration)
2022-08-23 01:21:52,877 [INFO] CADModel:98 - CPN selected for project level
2022-08-23 01:21:52,932 [INFO] IPUIPlugin:79 - create IPUIPlugin
2022-08-23 01:21:52,933 [INFO] PluginManager:217 - loadIPPluginJar : add adc
2022-08-23 01:21:52,935 [INFO] IPUIPlugin:79 - create IPUIPlugin
2022-08-23 01:21:52,935 [INFO] PluginManager:217 - loadIPPluginJar : add aes
2022-08-23 01:21:52,937 [INFO] IPUIPlugin:79 - create IPUIPlugin
2022-08-23 01:21:52,937 [INFO] PluginManager:217 - loadIPPluginJar : add can
2022-08-23 01:21:52,938 [INFO] IPUIPlugin:79 - create IPUIPlugin
2022-08-23 01:21:52,938 [INFO] PluginManager:217 - loadIPPluginJar : add comp
2022-08-23 01:21:52,941 [INFO] IPUIPlugin:79 - create IPUIPlugin
2022-08-23 01:21:52,941 [INFO] PluginManager:217 - loadIPPluginJar : add cryp
2022-08-23 01:21:52,943 [INFO] IPUIPlugin:79 - create IPUIPlugin
2022-08-23 01:21:52,943 [INFO] PluginManager:217 - loadIPPluginJar : add dfsdm
2022-08-23 01:21:52,969 [INFO] IPUIPlugin:79 - create IPUIPlugin
2022-08-23 01:21:52,969 [INFO] PluginManager:217 - loadIPPluginJar : add dma
2022-08-23 01:21:52,974 [INFO] IPUIPlugin:79 - create IPUIPlugin
2022-08-23 01:21:52,974 [INFO] PluginManager:217 - loadIPPluginJar : add dma3
2022-08-23 01:21:52,975 [INFO] IPUIPlugin:79 - create IPUIPlugin
2022-08-23 01:21:52,976 [INFO] PluginManager:217 - loadIPPluginJar : add fatfs
2022-08-23 01:21:52,979 [INFO] IPUIPlugin:79 - create IPUIPlugin
2022-08-23 01:21:52,980 [INFO] PluginManager:217 - loadIPPluginJar : add fmc
2022-08-23 01:21:52,985 [INFO] IPUIPlugin:79 - create IPUIPlugin
2022-08-23 01:21:52,986 [INFO] PluginManager:217 - loadIPPluginJar : add freertos
2022-08-23 01:21:52,987 [INFO] IPUIPlugin:79 - create IPUIPlugin
2022-08-23 01:21:52,987 [INFO] PluginManager:217 - loadIPPluginJar : add genericplugin
2022-08-23 01:21:52,990 [INFO] IPUIPlugin:79 - create IPUIPlugin
2022-08-23 01:21:52,991 [INFO] PluginManager:217 - loadIPPluginJar : add gfxmmu
2022-08-23 01:21:52,996 [INFO] IPUIPlugin:79 - create IPUIPlugin
2022-08-23 01:21:52,996 [INFO] PluginManager:217 - loadIPPluginJar : add gic
2022-08-23 01:21:53,001 [INFO] IPUIPlugin:79 - create IPUIPlugin
2022-08-23 01:21:53,001 [INFO] PluginManager:217 - loadIPPluginJar : add gpio
2022-08-23 01:21:53,005 [INFO] IPUIPlugin:79 - create IPUIPlugin
2022-08-23 01:21:53,005 [INFO] PluginManager:217 - loadIPPluginJar : add gtzc
2022-08-23 01:21:53,030 [INFO] IPUIPlugin:79 - create IPUIPlugin
2022-08-23 01:21:53,030 [INFO] PluginManager:217 - loadIPPluginJar : add hash
2022-08-23 01:21:53,034 [INFO] IPUIPlugin:79 - create IPUIPlugin
2022-08-23 01:21:53,034 [INFO] PluginManager:217 - loadIPPluginJar : add i2c
2022-08-23 01:21:53,037 [INFO] IPUIPlugin:79 - create IPUIPlugin
2022-08-23 01:21:53,037 [INFO] PluginManager:217 - loadIPPluginJar : add i2s
2022-08-23 01:21:53,040 [INFO] IPUIPlugin:79 - create IPUIPlugin
2022-08-23 01:21:53,040 [INFO] PluginManager:217 - loadIPPluginJar : add ipddr
2022-08-23 01:21:53,061 [INFO] IPUIPlugin:79 - create IPUIPlugin
2022-08-23 01:21:53,061 [INFO] PluginManager:217 - loadIPPluginJar : add linkedlist
2022-08-23 01:21:53,064 [INFO] IPUIPlugin:79 - create IPUIPlugin
2022-08-23 01:21:53,064 [INFO] PluginManager:217 - loadIPPluginJar : add lorawan
2022-08-23 01:21:53,066 [INFO] IPUIPlugin:79 - create IPUIPlugin
2022-08-23 01:21:53,066 [INFO] PluginManager:217 - loadIPPluginJar : add ltdc
2022-08-23 01:21:53,073 [INFO] IPUIPlugin:79 - create IPUIPlugin
2022-08-23 01:21:53,073 [INFO] PluginManager:217 - loadIPPluginJar : add mdma
2022-08-23 01:21:53,076 [INFO] IPUIPlugin:79 - create IPUIPlugin
2022-08-23 01:21:53,077 [INFO] PluginManager:217 - loadIPPluginJar : add nvic
2022-08-23 01:21:53,079 [INFO] IPUIPlugin:79 - create IPUIPlugin
2022-08-23 01:21:53,079 [INFO] PluginManager:217 - loadIPPluginJar : add opamp
2022-08-23 01:21:53,082 [INFO] IPUIPlugin:79 - create IPUIPlugin
2022-08-23 01:21:53,083 [INFO] PluginManager:217 - loadIPPluginJar : add openamp
2022-08-23 01:21:53,086 [INFO] IPUIPlugin:79 - create IPUIPlugin
2022-08-23 01:21:53,086 [INFO] PluginManager:217 - loadIPPluginJar : add pdm2pcm
2022-08-23 01:21:53,092 [INFO] IPUIPlugin:79 - create IPUIPlugin
2022-08-23 01:21:53,094 [INFO] PluginManager:217 - loadIPPluginJar : add plateformsettings
2022-08-23 01:21:53,096 [INFO] IPUIPlugin:79 - create IPUIPlugin
2022-08-23 01:21:53,096 [INFO] PluginManager:217 - loadIPPluginJar : add quadspi
2022-08-23 01:21:53,102 [INFO] IPUIPlugin:79 - create IPUIPlugin
2022-08-23 01:21:53,102 [INFO] PluginManager:217 - loadIPPluginJar : add resmgrutility
2022-08-23 01:21:53,105 [INFO] IPUIPlugin:79 - create IPUIPlugin
2022-08-23 01:21:53,105 [INFO] PluginManager:217 - loadIPPluginJar : add sai
2022-08-23 01:21:53,107 [INFO] IPUIPlugin:79 - create IPUIPlugin
2022-08-23 01:21:53,108 [INFO] PluginManager:217 - loadIPPluginJar : add spi
2022-08-23 01:21:53,111 [INFO] IPUIPlugin:79 - create IPUIPlugin
2022-08-23 01:21:53,112 [INFO] PluginManager:217 - loadIPPluginJar : add stm32_wpan
2022-08-23 01:21:53,114 [INFO] IPUIPlugin:79 - create IPUIPlugin
2022-08-23 01:21:53,114 [INFO] PluginManager:217 - loadIPPluginJar : add tim
2022-08-23 01:21:53,117 [INFO] IPUIPlugin:79 - create IPUIPlugin
2022-08-23 01:21:53,117 [INFO] PluginManager:217 - loadIPPluginJar : add touchsensing
2022-08-23 01:21:53,119 [INFO] IPUIPlugin:79 - create IPUIPlugin
2022-08-23 01:21:53,119 [INFO] PluginManager:217 - loadIPPluginJar : add tracer_emb
2022-08-23 01:21:53,121 [INFO] IPUIPlugin:79 - create IPUIPlugin
2022-08-23 01:21:53,121 [INFO] PluginManager:217 - loadIPPluginJar : add ts
2022-08-23 01:21:53,123 [INFO] IPUIPlugin:79 - create IPUIPlugin
2022-08-23 01:21:53,123 [INFO] PluginManager:217 - loadIPPluginJar : add tsc
2022-08-23 01:21:53,125 [INFO] IPUIPlugin:79 - create IPUIPlugin
2022-08-23 01:21:53,126 [INFO] PluginManager:217 - loadIPPluginJar : add ucpd
2022-08-23 01:21:53,129 [INFO] IPUIPlugin:79 - create IPUIPlugin
2022-08-23 01:21:53,129 [INFO] PluginManager:217 - loadIPPluginJar : add usart
2022-08-23 01:21:53,133 [INFO] IPUIPlugin:79 - create IPUIPlugin
2022-08-23 01:21:53,133 [INFO] PluginManager:217 - loadIPPluginJar : add usbx
2022-08-23 01:21:53,510 [FATAL] Updater:301 - Updater called before beeing initialized
2022-08-23 01:21:53,625 [FATAL] Updater:301 - Updater called before beeing initialized
2022-08-23 01:21:53,652 [INFO] DbMcusAds:52 - JSON generation date=Thu Sep 30 14:55:09 SGT 2021 (1632984909377)
2022-08-23 01:21:53,653 [FATAL] Updater:301 - Updater called before beeing initialized
2022-08-23 01:21:53,734 [WARN] DetailPanel:344 - Failed to get advertising image, set to default
2022-08-23 01:21:53,863 [FATAL] Updater:301 - Updater called before beeing initialized
2022-08-23 01:21:53,866 [FATAL] Updater:301 - Updater called before beeing initialized
2022-08-23 01:21:53,866 [FATAL] Updater:301 - Updater called before beeing initialized
2022-08-23 01:21:53,867 [WARN] DetailPanel:344 - Failed to get advertising image, set to default
2022-08-23 01:21:53,868 [FATAL] Updater:301 - Updater called before beeing initialized
2022-08-23 01:21:53,945 [ERROR] Updater:1105 - MainUpdater not yet initialized. External WinMGr cannot be set.
2022-08-23 01:21:53,949 [INFO] Updater:1041 - Updater Version found : 6.6.1
2022-08-23 01:21:53,985 [INFO] ApplicationProperties:181 - Using Application install path: D:\Ray\School\STM32CubeIDE_1.10.1\STM32CubeIDE\plugins\com.st.stm32cube.common.mx_6.6.1.202207061420
2022-08-23 01:21:54,174 [INFO] MainUpdater:2768 - connection check result : 10
2022-08-23 01:21:54,175 [INFO] MainUpdater:280 - Updater Check For Update Now.
2022-08-23 01:21:54,175 [INFO] MicroXplorer:481 - Change Database Version : DB.6.0.60
2022-08-23 01:21:54,331 [INFO] CheckServerUpdateThread:119 - End of CheckServer Thread
2022-08-23 01:21:54,391 [INFO] MainUpdater:2768 - connection check result : 10
2022-08-23 01:21:54,393 [INFO] MainUpdater:2768 - connection check result : 10
2022-08-23 01:21:54,491 [INFO] MicroXplorer:451 - Change Database Path : 
2022-08-23 01:21:54,491 [INFO] MicroXplorer:481 - Change Database Version : DB.6.0.60
2022-08-23 01:21:54,492 [WARN] ThirdParty:827 - waiting for thirdparty lock release [close project]
2022-08-23 01:21:55,120 [WARN] PackLoader:242 - Cannot read IP mode file for STMicroelectronics.X-CUBE-GNSS1.6.0.0
2022-08-23 01:21:55,127 [WARN] PackLoader:242 - Cannot read IP mode file for STMicroelectronics.X-CUBE-BLE1.6.2.3
2022-08-23 01:21:55,136 [WARN] PackLoader:242 - Cannot read IP mode file for STMicroelectronics.X-CUBE-NFC4.2.0.4
2022-08-23 01:21:55,150 [WARN] PackLoader:242 - Cannot read IP mode file for STMicroelectronics.X-CUBE-NFC7.1.0.0
2022-08-23 01:21:55,157 [WARN] PackLoader:242 - Cannot read IP mode file for STMicroelectronics.X-CUBE-BLE2.3.3.0
2022-08-23 01:21:55,169 [WARN] PackLoader:242 - Cannot read IP mode file for STMicroelectronics.X-CUBE-DISPLAY.2.2.0
2022-08-23 01:21:55,185 [WARN] PackLoader:242 - Cannot read IP mode file for RoweBots.I-CUBE-UNISONRTOS.5.5.0-4
2022-08-23 01:21:55,207 [WARN] PackLoader:242 - Cannot read IP mode file for STMicroelectronics.X-CUBE-AZRTOS-H7.2.1.0
2022-08-23 01:21:55,225 [WARN] PackLoader:242 - Cannot read IP mode file for STMicroelectronics.X-CUBE-ALGOBUILD.1.3.0
2022-08-23 01:21:55,237 [WARN] PackLoader:242 - Cannot read IP mode file for STMicroelectronics.X-CUBE-SUBG2.5.0.0
2022-08-23 01:21:55,262 [WARN] PackLoader:242 - Cannot read IP mode file for STMicroelectronics.X-CUBE-AZRTOS-G4.1.0.0
2022-08-23 01:21:55,288 [WARN] PackLoader:242 - Cannot read IP mode file for STMicroelectronics.X-CUBE-AZRTOS-L4.1.0.0
2022-08-23 01:21:55,303 [WARN] PackLoader:242 - Cannot read IP mode file for STMicroelectronics.X-CUBE-AZRTOS-WL.1.0.0
2022-08-23 01:21:55,310 [WARN] PackLoader:242 - Cannot read IP mode file for STMicroelectronics.X-CUBE-ALS.1.0.1
2022-08-23 01:21:55,329 [WARN] PackLoader:242 - Cannot read IP mode file for STMicroelectronics.X-CUBE-AZRTOS-L5.1.0.0
2022-08-23 01:21:55,342 [WARN] PackLoader:242 - Cannot read IP mode file for STMicroelectronics.X-CUBE-EEPRMA1.3.1.1
2022-08-23 01:21:55,344 [INFO] ThirdParty:929 - Integrity check success = true
2022-08-23 01:21:55,344 [INFO] IntegrityCheckThread:98 - exiting critical section [integrity check]
2022-08-23 01:21:55,344 [INFO] IntegrityCheckThread:101 - End integrity checks thread
2022-08-23 01:21:55,344 [INFO] ThirdParty:829 - entering critical section [close project]
2022-08-23 01:21:55,346 [INFO] ThirdParty:839 - exiting critical section [close project]
2022-08-23 01:21:55,350 [INFO] PinOutPanel:1468 - setPackage(No Configuration,No Configuration)
2022-08-23 01:21:55,356 [INFO] UtilMem:74 - Begin LoadConfig() Used Memory: 398499000 Bytes (418381824)
2022-08-23 01:21:55,357 [INFO] MicroXplorer:451 - Change Database Path : 
2022-08-23 01:21:55,358 [INFO] MicroXplorer:481 - Change Database Version : DB.6.0.60
2022-08-23 01:21:55,358 [INFO] OpenFileManager:307 - Change cursor
2022-08-23 01:21:55,414 [INFO] Mcu:1922 - Initializing MCU STM32F407V(E-G)Tx STM32F407VETx STM32F407VET6
2022-08-23 01:21:57,220 [INFO] Context:654 - Trying to add GPIOservice into a context  which must be forbidden
2022-08-23 01:21:57,777 [WARN] ApiManager:308 - Cannot register API 'Board Extension:GNSS1A1' from pack STMicroelectronics.X-CUBE-GNSS1.6.0.0: no header file found
2022-08-23 01:21:57,778 [WARN] ApiManager:308 - Cannot register API 'Board Support:Custom' from pack STMicroelectronics.X-CUBE-GNSS1.6.0.0: no header file found
2022-08-23 01:21:57,778 [WARN] ApiManager:308 - Cannot register API 'Data Exchange:lib_gnss' from pack STMicroelectronics.X-CUBE-GNSS1.6.0.0: no header file found
2022-08-23 01:21:57,789 [WARN] ModelIntegratedComponent:64 - No mode defined for component null
2022-08-23 01:21:57,790 [WARN] ModelIntegratedComponent:64 - No mode defined for component null
2022-08-23 01:21:57,790 [WARN] ModelIntegratedComponent:64 - No mode defined for component null
2022-08-23 01:21:57,790 [WARN] ModelIntegratedComponent:64 - No mode defined for component null
2022-08-23 01:21:57,790 [WARN] ModelIntegratedComponent:64 - No mode defined for component null
2022-08-23 01:21:57,790 [WARN] ModelIntegratedComponent:64 - No mode defined for component null
2022-08-23 01:21:57,790 [WARN] ModelIntegratedComponent:64 - No mode defined for component null
2022-08-23 01:21:57,790 [WARN] ModelIntegratedComponent:64 - No mode defined for component null
2022-08-23 01:21:57,790 [WARN] ModelIntegratedComponent:64 - No mode defined for component null
2022-08-23 01:21:57,790 [WARN] ModelIntegratedComponent:64 - No mode defined for component null
2022-08-23 01:21:57,790 [WARN] ModelIntegratedComponent:64 - No mode defined for component null
2022-08-23 01:21:57,790 [WARN] ModelIntegratedComponent:64 - No mode defined for component null
2022-08-23 01:21:57,790 [WARN] ModelIntegratedComponent:64 - No mode defined for component null
2022-08-23 01:21:57,790 [WARN] ModelIntegratedComponent:64 - No mode defined for component null
2022-08-23 01:21:57,790 [WARN] ModelIntegratedComponent:64 - No mode defined for component null
2022-08-23 01:21:57,791 [WARN] ModelIntegratedComponent:64 - No mode defined for component null
2022-08-23 01:21:57,791 [WARN] ModelIntegratedComponent:64 - No mode defined for component null
2022-08-23 01:21:57,791 [WARN] ModelIntegratedComponent:64 - No mode defined for component null
2022-08-23 01:21:57,791 [WARN] ModelIntegratedComponent:64 - No mode defined for component null
2022-08-23 01:21:57,791 [WARN] ModelIntegratedComponent:64 - No mode defined for component null
2022-08-23 01:21:57,791 [WARN] ModelIntegratedComponent:64 - No mode defined for component null
2022-08-23 01:21:57,791 [WARN] ModelIntegratedComponent:64 - No mode defined for component null
2022-08-23 01:21:57,792 [WARN] ModelIntegratedComponent:64 - No mode defined for component null
2022-08-23 01:21:57,792 [WARN] ModelIntegratedComponent:64 - No mode defined for component null
2022-08-23 01:21:57,792 [WARN] ModelIntegratedComponent:64 - No mode defined for component null
2022-08-23 01:21:57,792 [WARN] ModelIntegratedComponent:64 - No mode defined for component null
2022-08-23 01:21:57,792 [WARN] ModelIntegratedComponent:64 - No mode defined for component null
2022-08-23 01:21:57,792 [WARN] ModelIntegratedComponent:64 - No mode defined for component null
2022-08-23 01:21:57,792 [WARN] ModelIntegratedComponent:64 - No mode defined for component null
2022-08-23 01:21:57,792 [WARN] ModelIntegratedComponent:64 - No mode defined for component null
2022-08-23 01:21:57,792 [WARN] ModelIntegratedComponent:64 - No mode defined for component null
2022-08-23 01:21:57,792 [WARN] ModelIntegratedComponent:64 - No mode defined for component null
2022-08-23 01:21:57,792 [WARN] ModelIntegratedComponent:64 - No mode defined for component null
2022-08-23 01:21:57,794 [WARN] ApiManager:308 - Cannot register API 'Board Extension:NFC07A1' from pack STMicroelectronics.X-CUBE-NFC7.1.0.0: no header file found
2022-08-23 01:21:57,796 [WARN] ApiManager:308 - Cannot register API 'Wireless:BlueNRG-MS' from pack STMicroelectronics.X-CUBE-BLE1.6.2.3: no header file found
2022-08-23 01:21:57,799 [INFO] RtosManager:488 - Registered RTOS mode: class=CMSIS, group=RTOS, mode=CMSIS_V1, owner=FREERTOS
2022-08-23 01:21:57,800 [INFO] RtosManager:488 - Registered RTOS mode: class=CMSIS, group=RTOS2, mode=CMSIS_V2, owner=FREERTOS
2022-08-23 01:21:57,800 [INFO] RtosManager:488 - Registered RTOS mode: class=RTOS, group=Core, mode=CMSIS_V1, owner=FREERTOS
2022-08-23 01:21:57,800 [INFO] RtosManager:488 - Registered RTOS mode: class=RTOS, group=Core, mode=CMSIS_V2, owner=FREERTOS
2022-08-23 01:21:57,800 [WARN] ModelIntegratedComponent:185 - Missing modes for component STMicroelectronics:FreeRTOS:0.0.1:STMicroelectronics:RTOS:FreeRTOS:Core:::10.2.0:
2022-08-23 01:21:57,806 [WARN] ApiManager:308 - Cannot register API 'Board Extension:S2868A1' from pack STMicroelectronics.X-CUBE-SUBG2.5.0.0: no header file found
2022-08-23 01:21:57,806 [WARN] ApiManager:308 - Cannot register API 'Board Extension:S2868A2' from pack STMicroelectronics.X-CUBE-SUBG2.5.0.0: no header file found
2022-08-23 01:21:57,806 [WARN] ApiManager:308 - Cannot register API 'Board Extension:S2915A1' from pack STMicroelectronics.X-CUBE-SUBG2.5.0.0: no header file found
2022-08-23 01:21:57,808 [WARN] ApiManager:308 - Cannot register API 'Board Extension:EEPRMA1' from pack STMicroelectronics.X-CUBE-EEPRMA1.3.1.1: no header file found
2022-08-23 01:21:57,808 [WARN] ApiManager:308 - Cannot register API 'Board Extension:EEPRMA2' from pack STMicroelectronics.X-CUBE-EEPRMA1.3.1.1: no header file found
2022-08-23 01:21:57,809 [WARN] ApiManager:308 - Cannot register API 'Wireless:BlueNRG-2' from pack STMicroelectronics.X-CUBE-BLE2.3.3.0: no header file found
2022-08-23 01:21:57,810 [WARN] ApiManager:308 - Cannot register API 'Board Extension:NFC04A1' from pack STMicroelectronics.X-CUBE-NFC4.2.0.4: no header file found
2022-08-23 01:21:57,821 [INFO] ThirdPartyModel:289 - Start build external matchings
2022-08-23 01:21:57,879 [INFO] ThirdPartyModel:302 - End build external matchings
2022-08-23 01:21:57,883 [INFO] RtosManager:801 - Current active RTOS is FREERTOS [Cortex-M4NS]
2022-08-23 01:21:58,197 [INFO] UtilMem:74 - End LoadConfig() Used Memory: 444327112 Bytes (573571072)
2022-08-23 01:21:58,430 [INFO] ApiDb:576 - Connected to CubeFinder SQLite database (C:\Users\raybu\.stmcufinder\plugins\mcufinder\mcu\cube-finder-db.db)
2022-08-23 01:21:58,468 [INFO] ApiDb:663 - CubeFinder database Data Model version=2.1
2022-08-23 01:21:58,468 [INFO] ApiDb:664 - CubeFinder database Configuration version=3.0.32
2022-08-23 01:21:58,468 [INFO] ApiDb:665 - CubeFinder database generation date=2022-08-05 (1659688109)
2022-08-23 01:21:58,469 [INFO] ApiDb:666 - CubeFinder database FW Pack versions=[STM32Cube_FW_C0_V1.0.0, STM32Cube_FW_F4_V1.27.1, STM32Cube_FW_F7_V1.17.0, STM32Cube_FW_G0_V1.6.1, STM32Cube_FW_G4_V1.5.0, STM32Cube_FW_H7_V1.10.0, STM32Cube_FW_L5_V1.4.0, STM32Cube_FW_U5_V1.1.1, STM32Cube_FW_WB_V1.14.1, STM32Cube_FW_WL_V1.2.0, X-CUBE-ALGOBUILD_V1.3.0, X-CUBE-ALS_V1.0.1, X-CUBE-AZRTOS-F4_V1.1.0, X-CUBE-AZRTOS-F7_V1.1.0, X-CUBE-AZRTOS-G0_V1.1.0, X-CUBE-AZRTOS-G4_V1.0.0, X-CUBE-AZRTOS-H7_V2.1.0, X-CUBE-AZRTOS-L4_V1.0.0, X-CUBE-AZRTOS-L5_V1.0.0, X-CUBE-AZRTOS-WL_V1.0.0, X-CUBE-BLE1_V6.2.3, X-CUBE-BLE2_V3.3.0, X-CUBE-EEPRMA1_V3.1.1, X-CUBE-GNSS1_V6.0.0, X-CUBE-MEMS1_V9.1.0, X-CUBE-MEMS1_V9.3.0, X-CUBE-NFC4_V2.0.4, X-CUBE-NFC7_V1.0.0, X-CUBE-SFXS2LP1_V4.0.0, X-CUBE-SUBG2_V5.0.0]
2022-08-23 01:22:00,929 [INFO] ApiDb:239 - Found 138 in-development CPN: [B-WB1M-WPAN1, NUCLEO-C031C6, STEVAL-STWINBX1, STM320518-EVAL, STM32C0116-DK, STM32C011D6Y3TR, STM32C011D6Y6TR, STM32C011F4P3, STM32C011F4P6, STM32C011F4U3, STM32C011F4U6TR, STM32C011F6P3, STM32C011F6P6, STM32C011F6U3, STM32C011F6U6TR, STM32C011J4M3, STM32C011J4M6, STM32C011J6M3, STM32C011J6M6, STM32C0316-DK, STM32C031C4T3, STM32C031C4T6, STM32C031C4U3, STM32C031C4U6, STM32C031C6T3, STM32C031C6T6, STM32C031C6U3, STM32C031C6U6, STM32C031F4P3, STM32C031F4P6, STM32C031F6P3, STM32C031F6P6, STM32C031G4U3, STM32C031G4U6, STM32C031G6U3, STM32C031G6U6, STM32C031K4T3, STM32C031K4T6, STM32C031K4U3, STM32C031K4U6, STM32C031K6T3, STM32C031K6T6, STM32C031K6U3, STM32C031K6U6, STM32G071K8TXN, STM32G071K8UXN, STM32G081GBU6N, STM32G081KBT6N, STM32G081KBUXN, STM32G0B1CCT6N, STM32G0B1KCT6, STM32G0B1NEY6TR, STM32G0B1RCT6N, STM32G0C1CCT6, STM32G0C1CCT6N, STM32G0C1CCU6N, STM32G0C1CET6N, STM32G0C1CEU6N, STM32G0C1KCT6, STM32G0C1NEY6TR, STM32G0C1RCI6N, STM32G0C1RCT6N, STM32G0C1REI6N, STM32G0C1RET6N, STM32G0C1VCI6, STM32G0C1VEI6, STM32G471CCT6, STM32G471CCU6, STM32G471CET3, STM32G471CET6, STM32G471CEU3, STM32G471CEU6, STM32G471MCT6, STM32G471MET3, STM32G471MET6, STM32G471MEY6TR, STM32G471QCT6, STM32G471QET3, STM32G471RCT6, STM32G471RET3, STM32G471RET6, STM32G471VCH6, STM32G471VCI6, STM32G471VCT6, STM32G471VEH3, STM32G471VEH6, STM32G471VEI3, STM32G471VEI6, STM32G471VET3, STM32G471VET6, STM32G474CCT6, STM32L476VGY6PTR, STM32L4R5QGI6STR, STM32MP131AAE3, STM32MP131AAF3, STM32MP131AAG3, STM32MP131CAE3, STM32MP131CAF3, STM32MP131CAG3, STM32MP131DAE7, STM32MP131DAF7, STM32MP131DAG7, STM32MP131FAE7, STM32MP131FAF7, STM32MP131FAG7, STM32MP133AAE3, STM32MP133AAF3, STM32MP133AAG3, STM32MP133CAE3, STM32MP133CAF3, STM32MP133CAG3, STM32MP133DAE7, STM32MP133DAF7, STM32MP133DAG7, STM32MP133FAE7, STM32MP133FAF7, STM32MP133FAG7, STM32MP135AAE3, STM32MP135AAF3, STM32MP135AAG3, STM32MP135CAE3, STM32MP135CAF3, STM32MP135CAG3, STM32MP135DAE7, STM32MP135DAF7, STM32MP135DAG7, STM32MP135F-DK, STM32MP135FAE7, STM32MP135FAF7, STM32MP135FAG7, STM32U595ZJT6Q, STM32U599BJY6QTR, STM32U599NIH6Q, STM32U599NJH6Q, STM32U5A5ZJT6Q, STM32U5A9BJY6QTR, STM32U5A9NJH6Q, STM32WB1MMCH6]
2022-08-23 01:22:00,934 [INFO] DbMcus:215 - Found 3542 MCUs, 3542 are supported
2022-08-23 01:22:00,937 [INFO] ApiDb:418 - Load user favorites file C:\Users\raybu/.stm32cubeide/favorites.mcus.txt: 0 item(s)
2022-08-23 01:22:00,937 [INFO] ApiDb:422 - User favorites MCUs=[]
2022-08-23 01:22:00,937 [INFO] DbMcus:221 - Set 0 / 0 favorites MCUs
2022-08-23 01:22:00,971 [WARN] ThirdParty:789 - waiting for thirdparty lock release [change project]
2022-08-23 01:22:00,971 [INFO] ThirdParty:791 - entering critical section [change project]
2022-08-23 01:22:00,971 [INFO] ThirdParty:981 - CMSIS Pack Vendor :RoweBots I-CUBE-UNISONRTOS 5.5.0-4
2022-08-23 01:22:00,971 [INFO] ThirdParty:981 - CMSIS Pack Vendor :STMicroelectronics X-CUBE-GNSS1 6.0.0
2022-08-23 01:22:00,971 [INFO] ThirdParty:981 - CMSIS Pack Vendor :STMicroelectronics X-CUBE-AZRTOS-H7 2.1.0
2022-08-23 01:22:00,971 [INFO] ThirdParty:981 - CMSIS Pack Vendor :STMicroelectronics USB_HOST 2.0.0
2022-08-23 01:22:00,972 [INFO] ThirdParty:981 - CMSIS Pack Vendor :STMicroelectronics LIBJPEG 8.0.0
2022-08-23 01:22:00,972 [INFO] ThirdParty:981 - CMSIS Pack Vendor :STMicroelectronics X-CUBE-AZRTOS-G4 1.0.0
2022-08-23 01:22:00,972 [INFO] ThirdParty:981 - CMSIS Pack Vendor :STMicroelectronics X-CUBE-AZRTOS-L4 1.0.0
2022-08-23 01:22:00,972 [INFO] ThirdParty:981 - CMSIS Pack Vendor :STMicroelectronics USB_DEVICE 3.0.0
2022-08-23 01:22:00,972 [INFO] ThirdParty:981 - CMSIS Pack Vendor :STMicroelectronics HAL Drivers 0.0.0
2022-08-23 01:22:00,972 [INFO] ThirdParty:981 - CMSIS Pack Vendor :STMicroelectronics MBEDTLS 2.16.2
2022-08-23 01:22:00,972 [INFO] ThirdParty:981 - CMSIS Pack Vendor :STMicroelectronics MBEDTLS 2.14.1
2022-08-23 01:22:00,972 [INFO] ThirdParty:981 - CMSIS Pack Vendor :STMicroelectronics X-CUBE-NFC7 1.0.0
2022-08-23 01:22:00,972 [INFO] ThirdParty:981 - CMSIS Pack Vendor :STMicroelectronics X-CUBE-AZRTOS-WL 1.0.0
2022-08-23 01:22:00,972 [INFO] ThirdParty:981 - CMSIS Pack Vendor :STMicroelectronics X-CUBE-ALS 1.0.1
2022-08-23 01:22:00,972 [INFO] ThirdParty:981 - CMSIS Pack Vendor :STMicroelectronics USB_DEVICE 2.0.0
2022-08-23 01:22:00,972 [INFO] ThirdParty:981 - CMSIS Pack Vendor :STMicroelectronics ThreadX 1.0.0
2022-08-23 01:22:00,972 [INFO] ThirdParty:981 - CMSIS Pack Vendor :STMicroelectronics X-CUBE-BLE1 6.2.3
2022-08-23 01:22:00,972 [INFO] ThirdParty:981 - CMSIS Pack Vendor :STMicroelectronics X-CUBE-ALGOBUILD 1.3.0
2022-08-23 01:22:00,972 [INFO] ThirdParty:981 - CMSIS Pack Vendor :STMicroelectronics X-CUBE-AZRTOS-L5 1.0.0
2022-08-23 01:22:00,972 [INFO] ThirdParty:981 - CMSIS Pack Vendor :STMicroelectronics FreeRTOS 0.0.1
2022-08-23 01:22:00,972 [INFO] ThirdParty:981 - CMSIS Pack Vendor :STMicroelectronics USB_DEVICE 1.0.0
2022-08-23 01:22:00,972 [INFO] ThirdParty:981 - CMSIS Pack Vendor :STMicroelectronics X-CUBE-SUBG2 5.0.0
2022-08-23 01:22:00,972 [INFO] ThirdParty:981 - CMSIS Pack Vendor :STMicroelectronics STM32_WPAN 1.0.0
2022-08-23 01:22:00,973 [INFO] ThirdParty:981 - CMSIS Pack Vendor :STMicroelectronics X-CUBE-EEPRMA1 3.1.1
2022-08-23 01:22:00,973 [INFO] ThirdParty:981 - CMSIS Pack Vendor :STMicroelectronics ThreadX 0.0.2
2022-08-23 01:22:00,973 [INFO] ThirdParty:981 - CMSIS Pack Vendor :STMicroelectronics lwIP 2.0.3
2022-08-23 01:22:00,973 [INFO] ThirdParty:981 - CMSIS Pack Vendor :STMicroelectronics lwIP 2.1.2
2022-08-23 01:22:00,973 [INFO] ThirdParty:981 - CMSIS Pack Vendor :STMicroelectronics X-CUBE-BLE2 3.3.0
2022-08-23 01:22:00,973 [INFO] ThirdParty:981 - CMSIS Pack Vendor :STMicroelectronics X-CUBE-NFC4 2.0.4
2022-08-23 01:22:00,973 [INFO] ThirdParty:981 - CMSIS Pack Vendor :STMicroelectronics USB_HOST 1.0.0
2022-08-23 01:22:00,973 [INFO] ThirdParty:981 - CMSIS Pack Vendor :STMicroelectronics X-CUBE-DISPLAY 2.2.0
2022-08-23 01:22:00,973 [INFO] ThirdParty:981 - CMSIS Pack Vendor :STMicroelectronics PDM2PCM 3.1.0
2022-08-23 01:22:00,973 [INFO] ThirdParty:981 - CMSIS Pack Vendor :STMicroelectronics PDM2PCM 3.2.0
2022-08-23 01:22:00,973 [INFO] ThirdParty:981 - CMSIS Pack Vendor :STMicroelectronics PDM2PCM 3.3.0
2022-08-23 01:22:00,973 [INFO] ThirdParty:797 - exiting critical section [change project]
2022-08-23 01:22:01,547 [INFO] PinOutPanel:1468 - setPackage(No Configuration,No Configuration)
2022-08-23 01:22:01,548 [INFO] PinOutPanel:1468 - setPackage(STM32F407VETx,LQFP100)
2022-08-23 01:22:02,092 [INFO] UtilMem:74 - Before build in PCC Used Memory: 459226568 Bytes (573571072)
2022-08-23 01:22:03,027 [INFO] UtilMem:74 - After build in PCC Used Memory: 438132216 Bytes (573571072)
2022-08-23 01:22:03,112 [INFO] ApiDbMcu:505 - Load IP Config File for FREERTOS
2022-08-23 01:22:03,139 [INFO] IPUIPlugin:79 - create IPUIPlugin
2022-08-23 01:22:03,140 [INFO] IPUIPlugin:79 - create IPUIPlugin
2022-08-23 01:22:03,140 [INFO] IPUIPlugin:79 - create IPUIPlugin
2022-08-23 01:22:03,140 [INFO] IPUIPlugin:79 - create IPUIPlugin
2022-08-23 01:22:03,140 [INFO] IPUIPlugin:79 - create IPUIPlugin
2022-08-23 01:22:03,140 [INFO] IPUIPlugin:79 - create IPUIPlugin
2022-08-23 01:22:03,140 [INFO] IPUIPlugin:79 - create IPUIPlugin
2022-08-23 01:22:03,140 [INFO] IPUIPlugin:79 - create IPUIPlugin
2022-08-23 01:22:03,140 [INFO] IPUIPlugin:79 - create IPUIPlugin
2022-08-23 01:22:03,140 [INFO] IPUIPlugin:79 - create IPUIPlugin
2022-08-23 01:22:03,140 [INFO] IPUIPlugin:79 - create IPUIPlugin
2022-08-23 01:22:03,141 [INFO] IPUIPlugin:79 - create IPUIPlugin
2022-08-23 01:22:03,141 [INFO] IPUIPlugin:79 - create IPUIPlugin
2022-08-23 01:22:03,141 [INFO] IPUIPlugin:79 - create IPUIPlugin
2022-08-23 01:22:03,141 [INFO] IPUIPlugin:79 - create IPUIPlugin
2022-08-23 01:22:03,141 [INFO] IPUIPlugin:79 - create IPUIPlugin
2022-08-23 01:22:03,141 [INFO] IPUIPlugin:79 - create IPUIPlugin
2022-08-23 01:22:03,142 [INFO] IPUIPlugin:79 - create IPUIPlugin
2022-08-23 01:22:03,142 [INFO] IPUIPlugin:79 - create IPUIPlugin
2022-08-23 01:22:03,142 [INFO] IPUIPlugin:79 - create IPUIPlugin
2022-08-23 01:22:03,142 [INFO] IPUIPlugin:79 - create IPUIPlugin
2022-08-23 01:22:03,142 [INFO] IPUIPlugin:79 - create IPUIPlugin
2022-08-23 01:22:03,143 [INFO] IPUIPlugin:79 - create IPUIPlugin
2022-08-23 01:22:03,143 [INFO] IPUIPlugin:79 - create IPUIPlugin
2022-08-23 01:22:03,143 [INFO] IPUIPlugin:79 - create IPUIPlugin
2022-08-23 01:22:03,144 [INFO] IPUIPlugin:79 - create IPUIPlugin
2022-08-23 01:22:03,144 [INFO] IPUIPlugin:79 - create IPUIPlugin
2022-08-23 01:22:03,144 [INFO] IPUIPlugin:79 - create IPUIPlugin
2022-08-23 01:22:03,144 [INFO] IPUIPlugin:79 - create IPUIPlugin
2022-08-23 01:22:03,145 [INFO] IPUIPlugin:79 - create IPUIPlugin
2022-08-23 01:22:03,145 [INFO] IPUIPlugin:79 - create IPUIPlugin
2022-08-23 01:22:03,145 [INFO] IPUIPlugin:79 - create IPUIPlugin
2022-08-23 01:22:03,145 [INFO] IPUIPlugin:79 - create IPUIPlugin
2022-08-23 01:22:03,146 [INFO] IPUIPlugin:79 - create IPUIPlugin
2022-08-23 01:22:03,146 [INFO] IPUIPlugin:79 - create IPUIPlugin
2022-08-23 01:22:03,146 [INFO] IPUIPlugin:79 - create IPUIPlugin
2022-08-23 01:22:03,147 [INFO] IPUIPlugin:79 - create IPUIPlugin
2022-08-23 01:22:03,147 [INFO] IPUIPlugin:79 - create IPUIPlugin
2022-08-23 01:22:03,147 [INFO] IPUIPlugin:79 - create IPUIPlugin
2022-08-23 01:22:03,147 [INFO] IPUIPlugin:79 - create IPUIPlugin
2022-08-23 01:22:03,148 [INFO] IPUIPlugin:79 - create IPUIPlugin
2022-08-23 01:22:03,148 [INFO] IPUIPlugin:79 - create IPUIPlugin
2022-08-23 01:22:03,148 [INFO] IPUIPlugin:79 - create IPUIPlugin
2022-08-23 01:22:03,148 [INFO] IPUIPlugin:79 - create IPUIPlugin
2022-08-23 01:22:03,149 [INFO] IPUIPlugin:79 - create IPUIPlugin
2022-08-23 01:22:03,149 [INFO] IPUIPlugin:79 - create IPUIPlugin
2022-08-23 01:22:03,150 [INFO] IPUIPlugin:79 - create IPUIPlugin
2022-08-23 01:22:03,150 [INFO] IPUIPlugin:79 - create IPUIPlugin
2022-08-23 01:22:03,150 [INFO] IPUIPlugin:79 - create IPUIPlugin
2022-08-23 01:22:03,151 [INFO] IPUIPlugin:79 - create IPUIPlugin
2022-08-23 01:22:03,151 [INFO] IPUIPlugin:79 - create IPUIPlugin
2022-08-23 01:22:03,151 [INFO] IPUIPlugin:79 - create IPUIPlugin
2022-08-23 01:22:03,152 [INFO] IPUIPlugin:79 - create IPUIPlugin
2022-08-23 01:22:03,152 [INFO] IPUIPlugin:79 - create IPUIPlugin
2022-08-23 01:22:03,153 [INFO] IPUIPlugin:79 - create IPUIPlugin
2022-08-23 01:22:03,153 [INFO] IPUIPlugin:79 - create IPUIPlugin
2022-08-23 01:22:03,154 [INFO] IPUIPlugin:79 - create IPUIPlugin
2022-08-23 01:22:03,154 [INFO] IPUIPlugin:79 - create IPUIPlugin
2022-08-23 01:22:03,179 [INFO] ApiDbMcu:505 - Load IP Config File for PDM2PCM
2022-08-23 01:22:03,221 [WARN] FreeRTOS:1004 - Null or empty value: should not occur! (nothing added to the table)
2022-08-23 01:22:03,473 [INFO] RtosManager:614 - Active RTOS found at IOC load: FREERTOS [Cortex-M4NS]
2022-08-23 01:22:03,525 [INFO] OpenFileManager:327 - Restore cursor
2022-08-23 01:33:04,812 [INFO] Gpio:272 - dependency for GPIO [TIM1, TIM2, USART3]
2022-08-23 01:33:30,517 [INFO] UtilMem:74 - End SaveConfig() Used Memory: 520887872 Bytes (594542592)
2022-08-23 01:33:31,287 [INFO] UtilMem:74 - End SaveConfig() Used Memory: 500899136 Bytes (594542592)
2022-08-23 01:33:32,642 [INFO] UtilMem:74 - End SaveConfig() Used Memory: 518298000 Bytes (594542592)
2022-08-23 01:33:36,030 [INFO] BlockDiagram:2753 - set Specific Code input for plugin: FREERTOS
2022-08-23 01:33:36,030 [INFO] BlockDiagram:2753 - set Specific Code input for plugin: TIM1_8
2022-08-23 01:33:36,030 [INFO] BlockDiagram:2753 - set Specific Code input for plugin: TIM1_8
2022-08-23 01:33:36,030 [INFO] BlockDiagram:2753 - set Specific Code input for plugin: RCC
2022-08-23 01:33:36,030 [INFO] BlockDiagram:2753 - set Specific Code input for plugin: NVIC
2022-08-23 01:33:36,030 [INFO] BlockDiagram:2753 - set Specific Code input for plugin: USART
2022-08-23 01:33:36,031 [INFO] BlockDiagram:2753 - set Specific Code input for plugin: TIM1_8
2022-08-23 01:33:36,031 [INFO] BlockDiagram:2753 - set Specific Code input for plugin: GPIO
2022-08-23 01:33:36,032 [INFO] CodeGenerator:690 - code generatio: config db path: D:\Ray\School\STM32CubeIDE_1.10.1\STM32CubeIDE\plugins\com.st.stm32cube.common.mx_6.6.1.202207061420\\db\
2022-08-23 01:33:36,444 [INFO] CodeEngine:245 - oldGeneratedFile, D:\Ray\School\MDP-Group14-Github\MDP\3002proj\MXTmpFiles\license.tmp_save
2022-08-23 01:33:36,867 [INFO] CodeEngine:269 - Generated code: D:\Ray\School\MDP-Group14-Github\MDP\3002proj\MXTmpFiles\license.tmp
2022-08-23 01:33:36,998 [INFO] CodeEngine:245 - oldGeneratedFile, D:\Ray\School\MDP-Group14-Github\MDP\3002proj\MXTmpFiles\gpio.tmp_save
2022-08-23 01:33:37,115 [INFO] CodeEngine:269 - Generated code: D:\Ray\School\MDP-Group14-Github\MDP\3002proj\MXTmpFiles\gpio.tmp
2022-08-23 01:33:37,473 [INFO] Middleware:1435 - No code input for Bsp Dependency
2022-08-23 01:33:37,484 [INFO] CodeEngine:245 - oldGeneratedFile, D:\Ray\School\MDP-Group14-Github\MDP\3002proj\MXTmpFiles\rtos_inc.tmp_save
2022-08-23 01:33:37,568 [INFO] CodeEngine:269 - Generated code: D:\Ray\School\MDP-Group14-Github\MDP\3002proj\MXTmpFiles\rtos_inc.tmp
2022-08-23 01:33:37,575 [INFO] CodeEngine:245 - oldGeneratedFile, D:\Ray\School\MDP-Group14-Github\MDP\3002proj\MXTmpFiles\rtos_kernelInit.tmp_save
2022-08-23 01:33:37,647 [INFO] CodeEngine:269 - Generated code: D:\Ray\School\MDP-Group14-Github\MDP\3002proj\MXTmpFiles\rtos_kernelInit.tmp
2022-08-23 01:33:37,653 [INFO] CodeEngine:245 - oldGeneratedFile, D:\Ray\School\MDP-Group14-Github\MDP\3002proj\MXTmpFiles\rtos_kernelStart.tmp_save
2022-08-23 01:33:37,744 [INFO] CodeEngine:269 - Generated code: D:\Ray\School\MDP-Group14-Github\MDP\3002proj\MXTmpFiles\rtos_kernelStart.tmp
2022-08-23 01:33:37,778 [INFO] CodeEngine:245 - oldGeneratedFile, D:\Ray\School\MDP-Group14-Github\MDP\3002proj\MXTmpFiles\rtos_typedefs.tmp_save
2022-08-23 01:33:37,840 [INFO] CodeEngine:269 - Generated code: D:\Ray\School\MDP-Group14-Github\MDP\3002proj\MXTmpFiles\rtos_typedefs.tmp
2022-08-23 01:33:37,848 [INFO] CodeEngine:245 - oldGeneratedFile, D:\Ray\School\MDP-Group14-Github\MDP\3002proj\MXTmpFiles\rtos_vars.tmp_save
2022-08-23 01:33:37,922 [INFO] CodeEngine:269 - Generated code: D:\Ray\School\MDP-Group14-Github\MDP\3002proj\MXTmpFiles\rtos_vars.tmp
2022-08-23 01:33:37,932 [INFO] CodeEngine:245 - oldGeneratedFile, D:\Ray\School\MDP-Group14-Github\MDP\3002proj\MXTmpFiles\rtos_pfp.tmp_save
2022-08-23 01:33:37,996 [INFO] CodeEngine:269 - Generated code: D:\Ray\School\MDP-Group14-Github\MDP\3002proj\MXTmpFiles\rtos_pfp.tmp
2022-08-23 01:33:38,005 [INFO] CodeEngine:245 - oldGeneratedFile, D:\Ray\School\MDP-Group14-Github\MDP\3002proj\MXTmpFiles\rtos_obj_creat.tmp_save
2022-08-23 01:33:38,073 [INFO] CodeEngine:269 - Generated code: D:\Ray\School\MDP-Group14-Github\MDP\3002proj\MXTmpFiles\rtos_obj_creat.tmp
2022-08-23 01:33:38,083 [INFO] CodeEngine:245 - oldGeneratedFile, D:\Ray\School\MDP-Group14-Github\MDP\3002proj\MXTmpFiles\rtos_default_thread.tmp_save
2022-08-23 01:33:38,149 [INFO] CodeEngine:269 - Generated code: D:\Ray\School\MDP-Group14-Github\MDP\3002proj\MXTmpFiles\rtos_default_thread.tmp
2022-08-23 01:33:38,157 [INFO] CodeEngine:245 - oldGeneratedFile, D:\Ray\School\MDP-Group14-Github\MDP\3002proj\MXTmpFiles\rtos_threads.tmp_save
2022-08-23 01:33:38,219 [INFO] CodeEngine:269 - Generated code: D:\Ray\School\MDP-Group14-Github\MDP\3002proj\MXTmpFiles\rtos_threads.tmp
2022-08-23 01:33:38,227 [INFO] Middleware:1435 - No code input for Bsp Dependency
2022-08-23 01:33:38,233 [INFO] CodeEngine:245 - oldGeneratedFile, D:\Ray\School\MDP-Group14-Github\MDP\3002proj\MXTmpFiles\rtos_inc.tmp_save
2022-08-23 01:33:38,302 [INFO] CodeEngine:269 - Generated code: D:\Ray\School\MDP-Group14-Github\MDP\3002proj\MXTmpFiles\rtos_inc.tmp
2022-08-23 01:33:38,305 [INFO] CodeEngine:245 - oldGeneratedFile, D:\Ray\School\MDP-Group14-Github\MDP\3002proj\MXTmpFiles\rtos_kernelInit.tmp_save
2022-08-23 01:33:38,357 [INFO] CodeEngine:269 - Generated code: D:\Ray\School\MDP-Group14-Github\MDP\3002proj\MXTmpFiles\rtos_kernelInit.tmp
2022-08-23 01:33:38,360 [INFO] CodeEngine:245 - oldGeneratedFile, D:\Ray\School\MDP-Group14-Github\MDP\3002proj\MXTmpFiles\rtos_kernelStart.tmp_save
2022-08-23 01:33:38,411 [INFO] CodeEngine:269 - Generated code: D:\Ray\School\MDP-Group14-Github\MDP\3002proj\MXTmpFiles\rtos_kernelStart.tmp
2022-08-23 01:33:38,415 [INFO] CodeEngine:245 - oldGeneratedFile, D:\Ray\School\MDP-Group14-Github\MDP\3002proj\MXTmpFiles\rtos_typedefs.tmp_save
2022-08-23 01:33:38,477 [INFO] CodeEngine:269 - Generated code: D:\Ray\School\MDP-Group14-Github\MDP\3002proj\MXTmpFiles\rtos_typedefs.tmp
2022-08-23 01:33:38,484 [INFO] CodeEngine:245 - oldGeneratedFile, D:\Ray\School\MDP-Group14-Github\MDP\3002proj\MXTmpFiles\rtos_vars.tmp_save
2022-08-23 01:33:38,544 [INFO] CodeEngine:269 - Generated code: D:\Ray\School\MDP-Group14-Github\MDP\3002proj\MXTmpFiles\rtos_vars.tmp
2022-08-23 01:33:38,548 [INFO] CodeEngine:245 - oldGeneratedFile, D:\Ray\School\MDP-Group14-Github\MDP\3002proj\MXTmpFiles\rtos_pfp.tmp_save
2022-08-23 01:33:38,599 [INFO] CodeEngine:269 - Generated code: D:\Ray\School\MDP-Group14-Github\MDP\3002proj\MXTmpFiles\rtos_pfp.tmp
2022-08-23 01:33:38,606 [INFO] CodeEngine:245 - oldGeneratedFile, D:\Ray\School\MDP-Group14-Github\MDP\3002proj\MXTmpFiles\rtos_obj_creat.tmp_save
2022-08-23 01:33:38,660 [INFO] CodeEngine:269 - Generated code: D:\Ray\School\MDP-Group14-Github\MDP\3002proj\MXTmpFiles\rtos_obj_creat.tmp
2022-08-23 01:33:38,663 [INFO] CodeEngine:245 - oldGeneratedFile, D:\Ray\School\MDP-Group14-Github\MDP\3002proj\MXTmpFiles\rtos_default_thread.tmp_save
2022-08-23 01:33:38,714 [INFO] CodeEngine:269 - Generated code: D:\Ray\School\MDP-Group14-Github\MDP\3002proj\MXTmpFiles\rtos_default_thread.tmp
2022-08-23 01:33:38,717 [INFO] CodeEngine:245 - oldGeneratedFile, D:\Ray\School\MDP-Group14-Github\MDP\3002proj\MXTmpFiles\rtos_threads.tmp_save
2022-08-23 01:33:38,769 [INFO] CodeEngine:269 - Generated code: D:\Ray\School\MDP-Group14-Github\MDP\3002proj\MXTmpFiles\rtos_threads.tmp
2022-08-23 01:33:38,784 [INFO] CodeEngine:245 - oldGeneratedFile, D:\Ray\School\MDP-Group14-Github\MDP\3002proj\Core\Inc\FreeRTOSConfig.h_save
2022-08-23 01:33:38,879 [INFO] CodeEngine:269 - Generated code: D:\Ray\School\MDP-Group14-Github\MDP\3002proj\Core\Inc\FreeRTOSConfig.h
2022-08-23 01:33:38,891 [INFO] CodeEngine:245 - oldGeneratedFile, D:\Ray\School\MDP-Group14-Github\MDP\3002proj\Core\Src\freertos.c_save
2022-08-23 01:33:38,971 [INFO] CodeEngine:269 - Generated code: D:\Ray\School\MDP-Group14-Github\MDP\3002proj\Core\Src\freertos.c
2022-08-23 01:33:38,991 [INFO] CodeEngine:245 - oldGeneratedFile, D:\Ray\School\MDP-Group14-Github\MDP\3002proj\Core\Src\stm32f4xx_it.c_save
2022-08-23 01:33:39,092 [INFO] CodeEngine:269 - Generated code: D:\Ray\School\MDP-Group14-Github\MDP\3002proj\Core\Src\stm32f4xx_it.c
2022-08-23 01:33:39,108 [INFO] CodeEngine:245 - oldGeneratedFile, D:\Ray\School\MDP-Group14-Github\MDP\3002proj\Core\Inc\stm32f4xx_it.h_save
2022-08-23 01:33:39,186 [INFO] CodeEngine:269 - Generated code: D:\Ray\School\MDP-Group14-Github\MDP\3002proj\Core\Inc\stm32f4xx_it.h
2022-08-23 01:33:39,252 [INFO] CodeEngine:245 - oldGeneratedFile, D:\Ray\School\MDP-Group14-Github\MDP\3002proj\Core\Src\stm32f4xx_hal_msp.c_save
2022-08-23 01:33:39,402 [INFO] CodeEngine:269 - Generated code: D:\Ray\School\MDP-Group14-Github\MDP\3002proj\Core\Src\stm32f4xx_hal_msp.c
2022-08-23 01:33:39,416 [INFO] CodeEngine:245 - oldGeneratedFile, D:\Ray\School\MDP-Group14-Github\MDP\3002proj\MXTmpFiles\system.tmp_save
2022-08-23 01:33:39,501 [INFO] CodeEngine:269 - Generated code: D:\Ray\School\MDP-Group14-Github\MDP\3002proj\MXTmpFiles\system.tmp
2022-08-23 01:33:39,521 [INFO] CodeEngine:245 - oldGeneratedFile, D:\Ray\School\MDP-Group14-Github\MDP\3002proj\Core\Inc\stm32f4xx_hal_conf.h_save
2022-08-23 01:33:39,618 [INFO] CodeEngine:269 - Generated code: D:\Ray\School\MDP-Group14-Github\MDP\3002proj\Core\Inc\stm32f4xx_hal_conf.h
2022-08-23 01:33:39,645 [WARN] IPConfigManager:3348 - IP not found : TIM
2022-08-23 01:33:39,646 [WARN] CodeGenerator:3567 - IP not found : null
2022-08-23 01:33:39,660 [INFO] CodeEngine:245 - oldGeneratedFile, D:\Ray\School\MDP-Group14-Github\MDP\3002proj\Core\Inc\main.h_save
2022-08-23 01:33:39,744 [INFO] CodeEngine:269 - Generated code: D:\Ray\School\MDP-Group14-Github\MDP\3002proj\Core\Inc\main.h
2022-08-23 01:33:39,758 [INFO] CodeEngine:245 - oldGeneratedFile, D:\Ray\School\MDP-Group14-Github\MDP\3002proj\Core\Src\main.c_save
2022-08-23 01:33:39,926 [INFO] CodeEngine:269 - Generated code: D:\Ray\School\MDP-Group14-Github\MDP\3002proj\Core\Src\main.c
2022-08-23 01:33:40,862 [INFO] ProjectBuilder:2919 - Time for Copy HAL[1] : 483mS.
2022-08-23 01:33:40,884 [INFO] ProjectBuilder:4117 - Project Generator version: 3.17.1
2022-08-23 01:33:41,221 [INFO] ConfigFileManager:1394 - The Die is : DIE413
2022-08-23 01:33:41,252 [INFO] ApiDbMcu:505 - Load IP Config File for FATFS
2022-08-23 01:33:41,273 [INFO] ApiDbMcu:505 - Load IP Config File for LIBJPEG
2022-08-23 01:33:41,298 [INFO] ApiDbMcu:505 - Load IP Config File for LWIP
2022-08-23 01:33:41,309 [INFO] ApiDbMcu:505 - Load IP Config File for MBEDTLS
2022-08-23 01:33:41,328 [INFO] ApiDbMcu:505 - Load IP Config File for USB_DEVICE
2022-08-23 01:33:41,338 [INFO] ApiDbMcu:505 - Load IP Config File for USB_HOST
2022-08-23 01:33:44,564 [INFO] ProjectBuilder:4285 - Time for Generating toolchain IDE Files: 3679mS.
2022-08-23 01:33:44,565 [INFO] ProjectBuilder:2790 - Time for Copy CMSIS : 1mS.
2022-08-23 01:33:44,567 [INFO] ProjectBuilder:2790 - Time for Copy CMSIS : 0mS.
2022-08-23 01:44:30,788 [INFO] NvicIntPanel:100 - NVIC parent = com.st.microxplorer.plugins.ip.nvic.MultiNvicIntPanel[,0,0,450x266,layout=javax.swing.BoxLayout,alignmentX=0.0,alignmentY=0.0,border=,flags=9,maximumSize=,minimumSize=,preferredSize=]
2022-08-23 01:45:04,976 [INFO] NvicIntPanel:100 - NVIC parent = com.st.microxplorer.plugins.ip.nvic.MultiNvicIntPanel[,0,0,0x0,invalid,layout=javax.swing.BoxLayout,alignmentX=0.0,alignmentY=0.0,border=,flags=9,maximumSize=,minimumSize=,preferredSize=]
2022-08-23 01:45:09,376 [INFO] NvicIntPanel:100 - NVIC parent = com.st.microxplorer.plugins.ip.nvic.MultiNvicIntPanel[,0,0,0x0,invalid,layout=javax.swing.BoxLayout,alignmentX=0.0,alignmentY=0.0,border=,flags=9,maximumSize=,minimumSize=,preferredSize=]
2022-08-23 01:45:12,319 [INFO] NvicIntPanel:100 - NVIC parent = com.st.microxplorer.plugins.ip.nvic.MultiNvicIntPanel[,0,0,0x0,invalid,layout=javax.swing.BoxLayout,alignmentX=0.0,alignmentY=0.0,border=,flags=9,maximumSize=,minimumSize=,preferredSize=]
2022-08-23 01:45:27,786 [INFO] NvicIntPanel:100 - NVIC parent = com.st.microxplorer.plugins.ip.nvic.MultiNvicIntPanel[,0,0,0x0,invalid,layout=javax.swing.BoxLayout,alignmentX=0.0,alignmentY=0.0,border=,flags=9,maximumSize=,minimumSize=,preferredSize=]
2022-08-23 01:45:31,696 [INFO] NvicIntPanel:100 - NVIC parent = com.st.microxplorer.plugins.ip.nvic.MultiNvicIntPanel[,0,0,0x0,invalid,layout=javax.swing.BoxLayout,alignmentX=0.0,alignmentY=0.0,border=,flags=9,maximumSize=,minimumSize=,preferredSize=]
2022-08-23 01:45:54,115 [INFO] NvicIntPanel:100 - NVIC parent = com.st.microxplorer.plugins.ip.nvic.MultiNvicIntPanel[,0,0,0x0,invalid,layout=javax.swing.BoxLayout,alignmentX=0.0,alignmentY=0.0,border=,flags=9,maximumSize=,minimumSize=,preferredSize=]
2022-08-23 01:46:35,395 [INFO] NvicIntPanel:100 - NVIC parent = com.st.microxplorer.plugins.ip.nvic.MultiNvicIntPanel[,0,0,0x0,invalid,layout=javax.swing.BoxLayout,alignmentX=0.0,alignmentY=0.0,border=,flags=9,maximumSize=,minimumSize=,preferredSize=]
2022-08-23 01:46:41,115 [INFO] Gpio:272 - dependency for GPIO [TIM1, TIM2, TIM3, USART3]
2022-08-23 01:47:06,397 [INFO] UtilMem:74 - End SaveConfig() Used Memory: 478670240 Bytes (594542592)
2022-08-23 01:47:07,236 [INFO] UtilMem:74 - End SaveConfig() Used Memory: 500168096 Bytes (594542592)
2022-08-23 01:47:08,160 [INFO] UtilMem:74 - End SaveConfig() Used Memory: 273178112 Bytes (594542592)
2022-08-23 01:47:09,325 [INFO] BlockDiagram:2753 - set Specific Code input for plugin: FREERTOS
2022-08-23 01:47:09,325 [INFO] BlockDiagram:2753 - set Specific Code input for plugin: TIM1_8
2022-08-23 01:47:09,325 [INFO] BlockDiagram:2753 - set Specific Code input for plugin: TIM1_8
2022-08-23 01:47:09,325 [INFO] BlockDiagram:2753 - set Specific Code input for plugin: TIM1_8
2022-08-23 01:47:09,325 [INFO] BlockDiagram:2753 - set Specific Code input for plugin: RCC
2022-08-23 01:47:09,325 [INFO] BlockDiagram:2753 - set Specific Code input for plugin: NVIC
2022-08-23 01:47:09,325 [INFO] BlockDiagram:2753 - set Specific Code input for plugin: USART
2022-08-23 01:47:09,325 [INFO] BlockDiagram:2753 - set Specific Code input for plugin: TIM1_8
2022-08-23 01:47:09,326 [INFO] BlockDiagram:2753 - set Specific Code input for plugin: GPIO
2022-08-23 01:47:09,326 [INFO] CodeGenerator:690 - code generatio: config db path: D:\Ray\School\STM32CubeIDE_1.10.1\STM32CubeIDE\plugins\com.st.stm32cube.common.mx_6.6.1.202207061420\\db\
2022-08-23 01:47:09,437 [INFO] CodeEngine:245 - oldGeneratedFile, D:\Ray\School\MDP-Group14-Github\MDP\3002proj\MXTmpFiles\license.tmp_save
2022-08-23 01:47:09,507 [INFO] CodeEngine:269 - Generated code: D:\Ray\School\MDP-Group14-Github\MDP\3002proj\MXTmpFiles\license.tmp
2022-08-23 01:47:09,522 [INFO] CodeEngine:245 - oldGeneratedFile, D:\Ray\School\MDP-Group14-Github\MDP\3002proj\MXTmpFiles\gpio.tmp_save
2022-08-23 01:47:09,601 [INFO] CodeEngine:269 - Generated code: D:\Ray\School\MDP-Group14-Github\MDP\3002proj\MXTmpFiles\gpio.tmp
2022-08-23 01:47:09,757 [INFO] Middleware:1435 - No code input for Bsp Dependency
2022-08-23 01:47:09,761 [INFO] CodeEngine:245 - oldGeneratedFile, D:\Ray\School\MDP-Group14-Github\MDP\3002proj\MXTmpFiles\rtos_inc.tmp_save
2022-08-23 01:47:09,829 [INFO] CodeEngine:269 - Generated code: D:\Ray\School\MDP-Group14-Github\MDP\3002proj\MXTmpFiles\rtos_inc.tmp
2022-08-23 01:47:09,831 [INFO] CodeEngine:245 - oldGeneratedFile, D:\Ray\School\MDP-Group14-Github\MDP\3002proj\MXTmpFiles\rtos_kernelInit.tmp_save
2022-08-23 01:47:09,886 [INFO] CodeEngine:269 - Generated code: D:\Ray\School\MDP-Group14-Github\MDP\3002proj\MXTmpFiles\rtos_kernelInit.tmp
2022-08-23 01:47:09,888 [INFO] CodeEngine:245 - oldGeneratedFile, D:\Ray\School\MDP-Group14-Github\MDP\3002proj\MXTmpFiles\rtos_kernelStart.tmp_save
2022-08-23 01:47:09,941 [INFO] CodeEngine:269 - Generated code: D:\Ray\School\MDP-Group14-Github\MDP\3002proj\MXTmpFiles\rtos_kernelStart.tmp
2022-08-23 01:47:09,943 [INFO] CodeEngine:245 - oldGeneratedFile, D:\Ray\School\MDP-Group14-Github\MDP\3002proj\MXTmpFiles\rtos_typedefs.tmp_save
2022-08-23 01:47:09,991 [INFO] CodeEngine:269 - Generated code: D:\Ray\School\MDP-Group14-Github\MDP\3002proj\MXTmpFiles\rtos_typedefs.tmp
2022-08-23 01:47:09,993 [INFO] CodeEngine:245 - oldGeneratedFile, D:\Ray\School\MDP-Group14-Github\MDP\3002proj\MXTmpFiles\rtos_vars.tmp_save
2022-08-23 01:47:10,048 [INFO] CodeEngine:269 - Generated code: D:\Ray\School\MDP-Group14-Github\MDP\3002proj\MXTmpFiles\rtos_vars.tmp
2022-08-23 01:47:10,051 [INFO] CodeEngine:245 - oldGeneratedFile, D:\Ray\School\MDP-Group14-Github\MDP\3002proj\MXTmpFiles\rtos_pfp.tmp_save
2022-08-23 01:47:10,105 [INFO] CodeEngine:269 - Generated code: D:\Ray\School\MDP-Group14-Github\MDP\3002proj\MXTmpFiles\rtos_pfp.tmp
2022-08-23 01:47:10,107 [INFO] CodeEngine:245 - oldGeneratedFile, D:\Ray\School\MDP-Group14-Github\MDP\3002proj\MXTmpFiles\rtos_obj_creat.tmp_save
2022-08-23 01:47:10,163 [INFO] CodeEngine:269 - Generated code: D:\Ray\School\MDP-Group14-Github\MDP\3002proj\MXTmpFiles\rtos_obj_creat.tmp
2022-08-23 01:47:10,164 [INFO] CodeEngine:245 - oldGeneratedFile, D:\Ray\School\MDP-Group14-Github\MDP\3002proj\MXTmpFiles\rtos_default_thread.tmp_save
2022-08-23 01:47:10,215 [INFO] CodeEngine:269 - Generated code: D:\Ray\School\MDP-Group14-Github\MDP\3002proj\MXTmpFiles\rtos_default_thread.tmp
2022-08-23 01:47:10,217 [INFO] CodeEngine:245 - oldGeneratedFile, D:\Ray\School\MDP-Group14-Github\MDP\3002proj\MXTmpFiles\rtos_threads.tmp_save
2022-08-23 01:47:10,265 [INFO] CodeEngine:269 - Generated code: D:\Ray\School\MDP-Group14-Github\MDP\3002proj\MXTmpFiles\rtos_threads.tmp
2022-08-23 01:47:10,271 [INFO] Middleware:1435 - No code input for Bsp Dependency
2022-08-23 01:47:10,275 [INFO] CodeEngine:245 - oldGeneratedFile, D:\Ray\School\MDP-Group14-Github\MDP\3002proj\MXTmpFiles\rtos_inc.tmp_save
2022-08-23 01:47:10,338 [INFO] CodeEngine:269 - Generated code: D:\Ray\School\MDP-Group14-Github\MDP\3002proj\MXTmpFiles\rtos_inc.tmp
2022-08-23 01:47:10,340 [INFO] CodeEngine:245 - oldGeneratedFile, D:\Ray\School\MDP-Group14-Github\MDP\3002proj\MXTmpFiles\rtos_kernelInit.tmp_save
2022-08-23 01:47:10,417 [INFO] CodeEngine:269 - Generated code: D:\Ray\School\MDP-Group14-Github\MDP\3002proj\MXTmpFiles\rtos_kernelInit.tmp
2022-08-23 01:47:10,420 [INFO] CodeEngine:245 - oldGeneratedFile, D:\Ray\School\MDP-Group14-Github\MDP\3002proj\MXTmpFiles\rtos_kernelStart.tmp_save
2022-08-23 01:47:10,469 [INFO] CodeEngine:269 - Generated code: D:\Ray\School\MDP-Group14-Github\MDP\3002proj\MXTmpFiles\rtos_kernelStart.tmp
2022-08-23 01:47:10,473 [INFO] CodeEngine:245 - oldGeneratedFile, D:\Ray\School\MDP-Group14-Github\MDP\3002proj\MXTmpFiles\rtos_typedefs.tmp_save
2022-08-23 01:47:10,561 [INFO] CodeEngine:269 - Generated code: D:\Ray\School\MDP-Group14-Github\MDP\3002proj\MXTmpFiles\rtos_typedefs.tmp
2022-08-23 01:47:10,568 [INFO] CodeEngine:245 - oldGeneratedFile, D:\Ray\School\MDP-Group14-Github\MDP\3002proj\MXTmpFiles\rtos_vars.tmp_save
2022-08-23 01:47:10,619 [INFO] CodeEngine:269 - Generated code: D:\Ray\School\MDP-Group14-Github\MDP\3002proj\MXTmpFiles\rtos_vars.tmp
2022-08-23 01:47:10,621 [INFO] CodeEngine:245 - oldGeneratedFile, D:\Ray\School\MDP-Group14-Github\MDP\3002proj\MXTmpFiles\rtos_pfp.tmp_save
2022-08-23 01:47:10,668 [INFO] CodeEngine:269 - Generated code: D:\Ray\School\MDP-Group14-Github\MDP\3002proj\MXTmpFiles\rtos_pfp.tmp
2022-08-23 01:47:10,673 [INFO] CodeEngine:245 - oldGeneratedFile, D:\Ray\School\MDP-Group14-Github\MDP\3002proj\MXTmpFiles\rtos_obj_creat.tmp_save
2022-08-23 01:47:10,722 [INFO] CodeEngine:269 - Generated code: D:\Ray\School\MDP-Group14-Github\MDP\3002proj\MXTmpFiles\rtos_obj_creat.tmp
2022-08-23 01:47:10,725 [INFO] CodeEngine:245 - oldGeneratedFile, D:\Ray\School\MDP-Group14-Github\MDP\3002proj\MXTmpFiles\rtos_default_thread.tmp_save
2022-08-23 01:47:10,771 [INFO] CodeEngine:269 - Generated code: D:\Ray\School\MDP-Group14-Github\MDP\3002proj\MXTmpFiles\rtos_default_thread.tmp
2022-08-23 01:47:10,773 [INFO] CodeEngine:245 - oldGeneratedFile, D:\Ray\School\MDP-Group14-Github\MDP\3002proj\MXTmpFiles\rtos_threads.tmp_save
2022-08-23 01:47:10,819 [INFO] CodeEngine:269 - Generated code: D:\Ray\School\MDP-Group14-Github\MDP\3002proj\MXTmpFiles\rtos_threads.tmp
2022-08-23 01:47:10,826 [INFO] CodeEngine:245 - oldGeneratedFile, D:\Ray\School\MDP-Group14-Github\MDP\3002proj\Core\Inc\FreeRTOSConfig.h_save
2022-08-23 01:47:10,887 [INFO] CodeEngine:269 - Generated code: D:\Ray\School\MDP-Group14-Github\MDP\3002proj\Core\Inc\FreeRTOSConfig.h
2022-08-23 01:47:10,893 [INFO] CodeEngine:245 - oldGeneratedFile, D:\Ray\School\MDP-Group14-Github\MDP\3002proj\Core\Src\freertos.c_save
2022-08-23 01:47:10,943 [INFO] CodeEngine:269 - Generated code: D:\Ray\School\MDP-Group14-Github\MDP\3002proj\Core\Src\freertos.c
2022-08-23 01:47:10,956 [INFO] CodeEngine:245 - oldGeneratedFile, D:\Ray\School\MDP-Group14-Github\MDP\3002proj\Core\Src\stm32f4xx_it.c_save
2022-08-23 01:47:11,026 [INFO] CodeEngine:269 - Generated code: D:\Ray\School\MDP-Group14-Github\MDP\3002proj\Core\Src\stm32f4xx_it.c
2022-08-23 01:47:11,028 [INFO] CodeEngine:245 - oldGeneratedFile, D:\Ray\School\MDP-Group14-Github\MDP\3002proj\Core\Inc\stm32f4xx_it.h_save
2022-08-23 01:47:11,083 [INFO] CodeEngine:269 - Generated code: D:\Ray\School\MDP-Group14-Github\MDP\3002proj\Core\Inc\stm32f4xx_it.h
2022-08-23 01:47:11,103 [INFO] CodeEngine:245 - oldGeneratedFile, D:\Ray\School\MDP-Group14-Github\MDP\3002proj\Core\Src\stm32f4xx_hal_msp.c_save
2022-08-23 01:47:11,200 [INFO] CodeEngine:269 - Generated code: D:\Ray\School\MDP-Group14-Github\MDP\3002proj\Core\Src\stm32f4xx_hal_msp.c
2022-08-23 01:47:11,205 [INFO] CodeEngine:245 - oldGeneratedFile, D:\Ray\School\MDP-Group14-Github\MDP\3002proj\MXTmpFiles\system.tmp_save
2022-08-23 01:47:11,255 [INFO] CodeEngine:269 - Generated code: D:\Ray\School\MDP-Group14-Github\MDP\3002proj\MXTmpFiles\system.tmp
2022-08-23 01:47:11,265 [INFO] CodeEngine:245 - oldGeneratedFile, D:\Ray\School\MDP-Group14-Github\MDP\3002proj\Core\Inc\stm32f4xx_hal_conf.h_save
2022-08-23 01:47:11,362 [INFO] CodeEngine:269 - Generated code: D:\Ray\School\MDP-Group14-Github\MDP\3002proj\Core\Inc\stm32f4xx_hal_conf.h
2022-08-23 01:47:11,375 [WARN] IPConfigManager:3348 - IP not found : TIM
2022-08-23 01:47:11,375 [WARN] CodeGenerator:3567 - IP not found : null
2022-08-23 01:47:11,384 [INFO] CodeEngine:245 - oldGeneratedFile, D:\Ray\School\MDP-Group14-Github\MDP\3002proj\Core\Inc\main.h_save
2022-08-23 01:47:11,462 [INFO] CodeEngine:269 - Generated code: D:\Ray\School\MDP-Group14-Github\MDP\3002proj\Core\Inc\main.h
2022-08-23 01:47:11,469 [INFO] CodeEngine:245 - oldGeneratedFile, D:\Ray\School\MDP-Group14-Github\MDP\3002proj\Core\Src\main.c_save
2022-08-23 01:47:11,613 [INFO] CodeEngine:269 - Generated code: D:\Ray\School\MDP-Group14-Github\MDP\3002proj\Core\Src\main.c
2022-08-23 01:47:12,249 [INFO] ProjectBuilder:2919 - Time for Copy HAL[1] : 299mS.
2022-08-23 01:47:12,252 [INFO] ProjectBuilder:4117 - Project Generator version: 3.17.1
2022-08-23 01:47:12,461 [INFO] ConfigFileManager:1394 - The Die is : DIE413
2022-08-23 01:47:13,452 [INFO] ProjectBuilder:4285 - Time for Generating toolchain IDE Files: 1200mS.
2022-08-23 01:47:13,452 [INFO] ProjectBuilder:2790 - Time for Copy CMSIS : 0mS.
2022-08-23 01:47:13,455 [INFO] ProjectBuilder:2790 - Time for Copy CMSIS : 0mS.
2022-08-23 01:57:09,252 [INFO] Gpio:272 - dependency for GPIO [TIM1, TIM2, TIM3, USART3]
2022-08-23 01:57:36,190 [INFO] UtilMem:74 - End SaveConfig() Used Memory: 332822432 Bytes (688914432)
2022-08-23 01:57:37,159 [INFO] UtilMem:74 - End SaveConfig() Used Memory: 273142768 Bytes (688914432)
2022-08-23 01:57:38,378 [INFO] UtilMem:74 - End SaveConfig() Used Memory: 337894464 Bytes (688914432)
2022-08-23 01:57:39,432 [INFO] BlockDiagram:2753 - set Specific Code input for plugin: FREERTOS
2022-08-23 01:57:39,432 [INFO] BlockDiagram:2753 - set Specific Code input for plugin: TIM1_8
2022-08-23 01:57:39,432 [INFO] BlockDiagram:2753 - set Specific Code input for plugin: TIM1_8
2022-08-23 01:57:39,432 [INFO] BlockDiagram:2753 - set Specific Code input for plugin: TIM1_8
2022-08-23 01:57:39,433 [INFO] BlockDiagram:2753 - set Specific Code input for plugin: RCC
2022-08-23 01:57:39,433 [INFO] BlockDiagram:2753 - set Specific Code input for plugin: NVIC
2022-08-23 01:57:39,433 [INFO] BlockDiagram:2753 - set Specific Code input for plugin: USART
2022-08-23 01:57:39,433 [INFO] BlockDiagram:2753 - set Specific Code input for plugin: TIM1_8
2022-08-23 01:57:39,433 [INFO] BlockDiagram:2753 - set Specific Code input for plugin: GPIO
2022-08-23 01:57:39,433 [INFO] CodeGenerator:690 - code generatio: config db path: D:\Ray\School\STM32CubeIDE_1.10.1\STM32CubeIDE\plugins\com.st.stm32cube.common.mx_6.6.1.202207061420\\db\
2022-08-23 01:57:39,592 [INFO] CodeEngine:245 - oldGeneratedFile, D:\Ray\School\MDP-Group14-Github\MDP\3002proj\MXTmpFiles\license.tmp_save
2022-08-23 01:57:39,677 [INFO] CodeEngine:269 - Generated code: D:\Ray\School\MDP-Group14-Github\MDP\3002proj\MXTmpFiles\license.tmp
2022-08-23 01:57:39,694 [INFO] CodeEngine:245 - oldGeneratedFile, D:\Ray\School\MDP-Group14-Github\MDP\3002proj\MXTmpFiles\gpio.tmp_save
2022-08-23 01:57:39,766 [INFO] CodeEngine:269 - Generated code: D:\Ray\School\MDP-Group14-Github\MDP\3002proj\MXTmpFiles\gpio.tmp
2022-08-23 01:57:39,885 [INFO] Middleware:1435 - No code input for Bsp Dependency
2022-08-23 01:57:39,888 [INFO] CodeEngine:245 - oldGeneratedFile, D:\Ray\School\MDP-Group14-Github\MDP\3002proj\MXTmpFiles\rtos_inc.tmp_save
2022-08-23 01:57:39,952 [INFO] CodeEngine:269 - Generated code: D:\Ray\School\MDP-Group14-Github\MDP\3002proj\MXTmpFiles\rtos_inc.tmp
2022-08-23 01:57:39,954 [INFO] CodeEngine:245 - oldGeneratedFile, D:\Ray\School\MDP-Group14-Github\MDP\3002proj\MXTmpFiles\rtos_kernelInit.tmp_save
2022-08-23 01:57:40,019 [INFO] CodeEngine:269 - Generated code: D:\Ray\School\MDP-Group14-Github\MDP\3002proj\MXTmpFiles\rtos_kernelInit.tmp
2022-08-23 01:57:40,021 [INFO] CodeEngine:245 - oldGeneratedFile, D:\Ray\School\MDP-Group14-Github\MDP\3002proj\MXTmpFiles\rtos_kernelStart.tmp_save
2022-08-23 01:57:40,067 [INFO] CodeEngine:269 - Generated code: D:\Ray\School\MDP-Group14-Github\MDP\3002proj\MXTmpFiles\rtos_kernelStart.tmp
2022-08-23 01:57:40,069 [INFO] CodeEngine:245 - oldGeneratedFile, D:\Ray\School\MDP-Group14-Github\MDP\3002proj\MXTmpFiles\rtos_typedefs.tmp_save
2022-08-23 01:57:40,118 [INFO] CodeEngine:269 - Generated code: D:\Ray\School\MDP-Group14-Github\MDP\3002proj\MXTmpFiles\rtos_typedefs.tmp
2022-08-23 01:57:40,120 [INFO] CodeEngine:245 - oldGeneratedFile, D:\Ray\School\MDP-Group14-Github\MDP\3002proj\MXTmpFiles\rtos_vars.tmp_save
2022-08-23 01:57:40,175 [INFO] CodeEngine:269 - Generated code: D:\Ray\School\MDP-Group14-Github\MDP\3002proj\MXTmpFiles\rtos_vars.tmp
2022-08-23 01:57:40,177 [INFO] CodeEngine:245 - oldGeneratedFile, D:\Ray\School\MDP-Group14-Github\MDP\3002proj\MXTmpFiles\rtos_pfp.tmp_save
2022-08-23 01:57:40,224 [INFO] CodeEngine:269 - Generated code: D:\Ray\School\MDP-Group14-Github\MDP\3002proj\MXTmpFiles\rtos_pfp.tmp
2022-08-23 01:57:40,226 [INFO] CodeEngine:245 - oldGeneratedFile, D:\Ray\School\MDP-Group14-Github\MDP\3002proj\MXTmpFiles\rtos_obj_creat.tmp_save
2022-08-23 01:57:40,281 [INFO] CodeEngine:269 - Generated code: D:\Ray\School\MDP-Group14-Github\MDP\3002proj\MXTmpFiles\rtos_obj_creat.tmp
2022-08-23 01:57:40,283 [INFO] CodeEngine:245 - oldGeneratedFile, D:\Ray\School\MDP-Group14-Github\MDP\3002proj\MXTmpFiles\rtos_default_thread.tmp_save
2022-08-23 01:57:40,333 [INFO] CodeEngine:269 - Generated code: D:\Ray\School\MDP-Group14-Github\MDP\3002proj\MXTmpFiles\rtos_default_thread.tmp
2022-08-23 01:57:40,334 [INFO] CodeEngine:245 - oldGeneratedFile, D:\Ray\School\MDP-Group14-Github\MDP\3002proj\MXTmpFiles\rtos_threads.tmp_save
2022-08-23 01:57:40,381 [INFO] CodeEngine:269 - Generated code: D:\Ray\School\MDP-Group14-Github\MDP\3002proj\MXTmpFiles\rtos_threads.tmp
2022-08-23 01:57:40,387 [INFO] Middleware:1435 - No code input for Bsp Dependency
2022-08-23 01:57:40,391 [INFO] CodeEngine:245 - oldGeneratedFile, D:\Ray\School\MDP-Group14-Github\MDP\3002proj\MXTmpFiles\rtos_inc.tmp_save
2022-08-23 01:57:40,452 [INFO] CodeEngine:269 - Generated code: D:\Ray\School\MDP-Group14-Github\MDP\3002proj\MXTmpFiles\rtos_inc.tmp
2022-08-23 01:57:40,455 [INFO] CodeEngine:245 - oldGeneratedFile, D:\Ray\School\MDP-Group14-Github\MDP\3002proj\MXTmpFiles\rtos_kernelInit.tmp_save
2022-08-23 01:57:40,501 [INFO] CodeEngine:269 - Generated code: D:\Ray\School\MDP-Group14-Github\MDP\3002proj\MXTmpFiles\rtos_kernelInit.tmp
2022-08-23 01:57:40,503 [INFO] CodeEngine:245 - oldGeneratedFile, D:\Ray\School\MDP-Group14-Github\MDP\3002proj\MXTmpFiles\rtos_kernelStart.tmp_save
2022-08-23 01:57:40,549 [INFO] CodeEngine:269 - Generated code: D:\Ray\School\MDP-Group14-Github\MDP\3002proj\MXTmpFiles\rtos_kernelStart.tmp
2022-08-23 01:57:40,551 [INFO] CodeEngine:245 - oldGeneratedFile, D:\Ray\School\MDP-Group14-Github\MDP\3002proj\MXTmpFiles\rtos_typedefs.tmp_save
2022-08-23 01:57:40,598 [INFO] CodeEngine:269 - Generated code: D:\Ray\School\MDP-Group14-Github\MDP\3002proj\MXTmpFiles\rtos_typedefs.tmp
2022-08-23 01:57:40,604 [INFO] CodeEngine:245 - oldGeneratedFile, D:\Ray\School\MDP-Group14-Github\MDP\3002proj\MXTmpFiles\rtos_vars.tmp_save
2022-08-23 01:57:40,657 [INFO] CodeEngine:269 - Generated code: D:\Ray\School\MDP-Group14-Github\MDP\3002proj\MXTmpFiles\rtos_vars.tmp
2022-08-23 01:57:40,661 [INFO] CodeEngine:245 - oldGeneratedFile, D:\Ray\School\MDP-Group14-Github\MDP\3002proj\MXTmpFiles\rtos_pfp.tmp_save
2022-08-23 01:57:40,711 [INFO] CodeEngine:269 - Generated code: D:\Ray\School\MDP-Group14-Github\MDP\3002proj\MXTmpFiles\rtos_pfp.tmp
2022-08-23 01:57:40,718 [INFO] CodeEngine:245 - oldGeneratedFile, D:\Ray\School\MDP-Group14-Github\MDP\3002proj\MXTmpFiles\rtos_obj_creat.tmp_save
2022-08-23 01:57:40,770 [INFO] CodeEngine:269 - Generated code: D:\Ray\School\MDP-Group14-Github\MDP\3002proj\MXTmpFiles\rtos_obj_creat.tmp
2022-08-23 01:57:40,774 [INFO] CodeEngine:245 - oldGeneratedFile, D:\Ray\School\MDP-Group14-Github\MDP\3002proj\MXTmpFiles\rtos_default_thread.tmp_save
2022-08-23 01:57:40,822 [INFO] CodeEngine:269 - Generated code: D:\Ray\School\MDP-Group14-Github\MDP\3002proj\MXTmpFiles\rtos_default_thread.tmp
2022-08-23 01:57:40,825 [INFO] CodeEngine:245 - oldGeneratedFile, D:\Ray\School\MDP-Group14-Github\MDP\3002proj\MXTmpFiles\rtos_threads.tmp_save
2022-08-23 01:57:40,873 [INFO] CodeEngine:269 - Generated code: D:\Ray\School\MDP-Group14-Github\MDP\3002proj\MXTmpFiles\rtos_threads.tmp
2022-08-23 01:57:40,880 [INFO] CodeEngine:245 - oldGeneratedFile, D:\Ray\School\MDP-Group14-Github\MDP\3002proj\Core\Inc\FreeRTOSConfig.h_save
2022-08-23 01:57:40,937 [INFO] CodeEngine:269 - Generated code: D:\Ray\School\MDP-Group14-Github\MDP\3002proj\Core\Inc\FreeRTOSConfig.h
2022-08-23 01:57:40,945 [INFO] CodeEngine:245 - oldGeneratedFile, D:\Ray\School\MDP-Group14-Github\MDP\3002proj\Core\Src\freertos.c_save
2022-08-23 01:57:40,997 [INFO] CodeEngine:269 - Generated code: D:\Ray\School\MDP-Group14-Github\MDP\3002proj\Core\Src\freertos.c
2022-08-23 01:57:41,009 [INFO] CodeEngine:245 - oldGeneratedFile, D:\Ray\School\MDP-Group14-Github\MDP\3002proj\Core\Src\stm32f4xx_it.c_save
2022-08-23 01:57:41,072 [INFO] CodeEngine:269 - Generated code: D:\Ray\School\MDP-Group14-Github\MDP\3002proj\Core\Src\stm32f4xx_it.c
2022-08-23 01:57:41,075 [INFO] CodeEngine:245 - oldGeneratedFile, D:\Ray\School\MDP-Group14-Github\MDP\3002proj\Core\Inc\stm32f4xx_it.h_save
2022-08-23 01:57:41,136 [INFO] CodeEngine:269 - Generated code: D:\Ray\School\MDP-Group14-Github\MDP\3002proj\Core\Inc\stm32f4xx_it.h
2022-08-23 01:57:41,166 [INFO] CodeEngine:245 - oldGeneratedFile, D:\Ray\School\MDP-Group14-Github\MDP\3002proj\Core\Src\stm32f4xx_hal_msp.c_save
2022-08-23 01:57:41,283 [INFO] CodeEngine:269 - Generated code: D:\Ray\School\MDP-Group14-Github\MDP\3002proj\Core\Src\stm32f4xx_hal_msp.c
2022-08-23 01:57:41,286 [INFO] CodeEngine:245 - oldGeneratedFile, D:\Ray\School\MDP-Group14-Github\MDP\3002proj\MXTmpFiles\system.tmp_save
2022-08-23 01:57:41,336 [INFO] CodeEngine:269 - Generated code: D:\Ray\School\MDP-Group14-Github\MDP\3002proj\MXTmpFiles\system.tmp
2022-08-23 01:57:41,344 [INFO] CodeEngine:245 - oldGeneratedFile, D:\Ray\School\MDP-Group14-Github\MDP\3002proj\Core\Inc\stm32f4xx_hal_conf.h_save
2022-08-23 01:57:41,419 [INFO] CodeEngine:269 - Generated code: D:\Ray\School\MDP-Group14-Github\MDP\3002proj\Core\Inc\stm32f4xx_hal_conf.h
2022-08-23 01:57:41,430 [WARN] IPConfigManager:3348 - IP not found : TIM
2022-08-23 01:57:41,431 [WARN] CodeGenerator:3567 - IP not found : null
2022-08-23 01:57:41,438 [INFO] CodeEngine:245 - oldGeneratedFile, D:\Ray\School\MDP-Group14-Github\MDP\3002proj\Core\Inc\main.h_save
2022-08-23 01:57:41,514 [INFO] CodeEngine:269 - Generated code: D:\Ray\School\MDP-Group14-Github\MDP\3002proj\Core\Inc\main.h
2022-08-23 01:57:41,522 [INFO] CodeEngine:245 - oldGeneratedFile, D:\Ray\School\MDP-Group14-Github\MDP\3002proj\Core\Src\main.c_save
2022-08-23 01:57:41,646 [INFO] CodeEngine:269 - Generated code: D:\Ray\School\MDP-Group14-Github\MDP\3002proj\Core\Src\main.c
2022-08-23 01:57:42,302 [INFO] ProjectBuilder:2919 - Time for Copy HAL[1] : 262mS.
2022-08-23 01:57:42,305 [INFO] ProjectBuilder:4117 - Project Generator version: 3.17.1
2022-08-23 01:57:42,558 [INFO] ConfigFileManager:1394 - The Die is : DIE413
2022-08-23 01:57:43,579 [INFO] ProjectBuilder:4285 - Time for Generating toolchain IDE Files: 1274mS.
2022-08-23 01:57:43,580 [INFO] ProjectBuilder:2790 - Time for Copy CMSIS : 1mS.
2022-08-23 01:57:43,583 [INFO] ProjectBuilder:2790 - Time for Copy CMSIS : 0mS.
2022-08-23 02:12:59,803 [INFO] UtilMem:74 - End SaveConfig() Used Memory: 319671632 Bytes (711983104)
2022-08-23 02:13:00,644 [INFO] UtilMem:74 - End SaveConfig() Used Memory: 340643152 Bytes (711983104)
2022-08-23 02:13:02,590 [INFO] UtilMem:74 - End SaveConfig() Used Memory: 431683024 Bytes (711983104)
2022-08-23 02:13:03,584 [INFO] BlockDiagram:2753 - set Specific Code input for plugin: FREERTOS
2022-08-23 02:13:03,585 [INFO] BlockDiagram:2753 - set Specific Code input for plugin: TIM1_8
2022-08-23 02:13:03,585 [INFO] BlockDiagram:2753 - set Specific Code input for plugin: TIM1_8
2022-08-23 02:13:03,585 [INFO] BlockDiagram:2753 - set Specific Code input for plugin: TIM1_8
2022-08-23 02:13:03,585 [INFO] BlockDiagram:2753 - set Specific Code input for plugin: RCC
2022-08-23 02:13:03,585 [INFO] BlockDiagram:2753 - set Specific Code input for plugin: NVIC
2022-08-23 02:13:03,585 [INFO] BlockDiagram:2753 - set Specific Code input for plugin: USART
2022-08-23 02:13:03,585 [INFO] BlockDiagram:2753 - set Specific Code input for plugin: TIM1_8
2022-08-23 02:13:03,585 [INFO] BlockDiagram:2753 - set Specific Code input for plugin: GPIO
2022-08-23 02:13:03,586 [INFO] CodeGenerator:690 - code generatio: config db path: D:\Ray\School\STM32CubeIDE_1.10.1\STM32CubeIDE\plugins\com.st.stm32cube.common.mx_6.6.1.202207061420\\db\
2022-08-23 02:13:03,725 [INFO] CodeEngine:245 - oldGeneratedFile, D:\Ray\School\MDP-Group14-Github\MDP\3002proj\MXTmpFiles\license.tmp_save
2022-08-23 02:13:03,810 [INFO] CodeEngine:269 - Generated code: D:\Ray\School\MDP-Group14-Github\MDP\3002proj\MXTmpFiles\license.tmp
2022-08-23 02:13:03,826 [INFO] CodeEngine:245 - oldGeneratedFile, D:\Ray\School\MDP-Group14-Github\MDP\3002proj\MXTmpFiles\gpio.tmp_save
2022-08-23 02:13:03,893 [INFO] CodeEngine:269 - Generated code: D:\Ray\School\MDP-Group14-Github\MDP\3002proj\MXTmpFiles\gpio.tmp
2022-08-23 02:13:04,002 [INFO] Middleware:1435 - No code input for Bsp Dependency
2022-08-23 02:13:04,005 [INFO] CodeEngine:245 - oldGeneratedFile, D:\Ray\School\MDP-Group14-Github\MDP\3002proj\MXTmpFiles\rtos_inc.tmp_save
2022-08-23 02:13:04,069 [INFO] CodeEngine:269 - Generated code: D:\Ray\School\MDP-Group14-Github\MDP\3002proj\MXTmpFiles\rtos_inc.tmp
2022-08-23 02:13:04,070 [INFO] CodeEngine:245 - oldGeneratedFile, D:\Ray\School\MDP-Group14-Github\MDP\3002proj\MXTmpFiles\rtos_kernelInit.tmp_save
2022-08-23 02:13:04,117 [INFO] CodeEngine:269 - Generated code: D:\Ray\School\MDP-Group14-Github\MDP\3002proj\MXTmpFiles\rtos_kernelInit.tmp
2022-08-23 02:13:04,119 [INFO] CodeEngine:245 - oldGeneratedFile, D:\Ray\School\MDP-Group14-Github\MDP\3002proj\MXTmpFiles\rtos_kernelStart.tmp_save
2022-08-23 02:13:04,165 [INFO] CodeEngine:269 - Generated code: D:\Ray\School\MDP-Group14-Github\MDP\3002proj\MXTmpFiles\rtos_kernelStart.tmp
2022-08-23 02:13:04,167 [INFO] CodeEngine:245 - oldGeneratedFile, D:\Ray\School\MDP-Group14-Github\MDP\3002proj\MXTmpFiles\rtos_typedefs.tmp_save
2022-08-23 02:13:04,214 [INFO] CodeEngine:269 - Generated code: D:\Ray\School\MDP-Group14-Github\MDP\3002proj\MXTmpFiles\rtos_typedefs.tmp
2022-08-23 02:13:04,215 [INFO] CodeEngine:245 - oldGeneratedFile, D:\Ray\School\MDP-Group14-Github\MDP\3002proj\MXTmpFiles\rtos_vars.tmp_save
2022-08-23 02:13:04,268 [INFO] CodeEngine:269 - Generated code: D:\Ray\School\MDP-Group14-Github\MDP\3002proj\MXTmpFiles\rtos_vars.tmp
2022-08-23 02:13:04,269 [INFO] CodeEngine:245 - oldGeneratedFile, D:\Ray\School\MDP-Group14-Github\MDP\3002proj\MXTmpFiles\rtos_pfp.tmp_save
2022-08-23 02:13:04,315 [INFO] CodeEngine:269 - Generated code: D:\Ray\School\MDP-Group14-Github\MDP\3002proj\MXTmpFiles\rtos_pfp.tmp
2022-08-23 02:13:04,317 [INFO] CodeEngine:245 - oldGeneratedFile, D:\Ray\School\MDP-Group14-Github\MDP\3002proj\MXTmpFiles\rtos_obj_creat.tmp_save
2022-08-23 02:13:04,372 [INFO] CodeEngine:269 - Generated code: D:\Ray\School\MDP-Group14-Github\MDP\3002proj\MXTmpFiles\rtos_obj_creat.tmp
2022-08-23 02:13:04,374 [INFO] CodeEngine:245 - oldGeneratedFile, D:\Ray\School\MDP-Group14-Github\MDP\3002proj\MXTmpFiles\rtos_default_thread.tmp_save
2022-08-23 02:13:04,428 [INFO] CodeEngine:269 - Generated code: D:\Ray\School\MDP-Group14-Github\MDP\3002proj\MXTmpFiles\rtos_default_thread.tmp
2022-08-23 02:13:04,430 [INFO] CodeEngine:245 - oldGeneratedFile, D:\Ray\School\MDP-Group14-Github\MDP\3002proj\MXTmpFiles\rtos_threads.tmp_save
2022-08-23 02:13:04,479 [INFO] CodeEngine:269 - Generated code: D:\Ray\School\MDP-Group14-Github\MDP\3002proj\MXTmpFiles\rtos_threads.tmp
2022-08-23 02:13:04,484 [INFO] Middleware:1435 - No code input for Bsp Dependency
2022-08-23 02:13:04,487 [INFO] CodeEngine:245 - oldGeneratedFile, D:\Ray\School\MDP-Group14-Github\MDP\3002proj\MXTmpFiles\rtos_inc.tmp_save
2022-08-23 02:13:04,549 [INFO] CodeEngine:269 - Generated code: D:\Ray\School\MDP-Group14-Github\MDP\3002proj\MXTmpFiles\rtos_inc.tmp
2022-08-23 02:13:04,551 [INFO] CodeEngine:245 - oldGeneratedFile, D:\Ray\School\MDP-Group14-Github\MDP\3002proj\MXTmpFiles\rtos_kernelInit.tmp_save
2022-08-23 02:13:04,606 [INFO] CodeEngine:269 - Generated code: D:\Ray\School\MDP-Group14-Github\MDP\3002proj\MXTmpFiles\rtos_kernelInit.tmp
2022-08-23 02:13:04,609 [INFO] CodeEngine:245 - oldGeneratedFile, D:\Ray\School\MDP-Group14-Github\MDP\3002proj\MXTmpFiles\rtos_kernelStart.tmp_save
2022-08-23 02:13:04,655 [INFO] CodeEngine:269 - Generated code: D:\Ray\School\MDP-Group14-Github\MDP\3002proj\MXTmpFiles\rtos_kernelStart.tmp
2022-08-23 02:13:04,658 [INFO] CodeEngine:245 - oldGeneratedFile, D:\Ray\School\MDP-Group14-Github\MDP\3002proj\MXTmpFiles\rtos_typedefs.tmp_save
2022-08-23 02:13:04,705 [INFO] CodeEngine:269 - Generated code: D:\Ray\School\MDP-Group14-Github\MDP\3002proj\MXTmpFiles\rtos_typedefs.tmp
2022-08-23 02:13:04,712 [INFO] CodeEngine:245 - oldGeneratedFile, D:\Ray\School\MDP-Group14-Github\MDP\3002proj\MXTmpFiles\rtos_vars.tmp_save
2022-08-23 02:13:04,764 [INFO] CodeEngine:269 - Generated code: D:\Ray\School\MDP-Group14-Github\MDP\3002proj\MXTmpFiles\rtos_vars.tmp
2022-08-23 02:13:04,767 [INFO] CodeEngine:245 - oldGeneratedFile, D:\Ray\School\MDP-Group14-Github\MDP\3002proj\MXTmpFiles\rtos_pfp.tmp_save
2022-08-23 02:13:04,818 [INFO] CodeEngine:269 - Generated code: D:\Ray\School\MDP-Group14-Github\MDP\3002proj\MXTmpFiles\rtos_pfp.tmp
2022-08-23 02:13:04,824 [INFO] CodeEngine:245 - oldGeneratedFile, D:\Ray\School\MDP-Group14-Github\MDP\3002proj\MXTmpFiles\rtos_obj_creat.tmp_save
2022-08-23 02:13:04,873 [INFO] CodeEngine:269 - Generated code: D:\Ray\School\MDP-Group14-Github\MDP\3002proj\MXTmpFiles\rtos_obj_creat.tmp
2022-08-23 02:13:04,876 [INFO] CodeEngine:245 - oldGeneratedFile, D:\Ray\School\MDP-Group14-Github\MDP\3002proj\MXTmpFiles\rtos_default_thread.tmp_save
2022-08-23 02:13:04,923 [INFO] CodeEngine:269 - Generated code: D:\Ray\School\MDP-Group14-Github\MDP\3002proj\MXTmpFiles\rtos_default_thread.tmp
2022-08-23 02:13:04,925 [INFO] CodeEngine:245 - oldGeneratedFile, D:\Ray\School\MDP-Group14-Github\MDP\3002proj\MXTmpFiles\rtos_threads.tmp_save
2022-08-23 02:13:04,973 [INFO] CodeEngine:269 - Generated code: D:\Ray\School\MDP-Group14-Github\MDP\3002proj\MXTmpFiles\rtos_threads.tmp
2022-08-23 02:13:04,980 [INFO] CodeEngine:245 - oldGeneratedFile, D:\Ray\School\MDP-Group14-Github\MDP\3002proj\Core\Inc\FreeRTOSConfig.h_save
2022-08-23 02:13:05,037 [INFO] CodeEngine:269 - Generated code: D:\Ray\School\MDP-Group14-Github\MDP\3002proj\Core\Inc\FreeRTOSConfig.h
2022-08-23 02:13:05,044 [INFO] CodeEngine:245 - oldGeneratedFile, D:\Ray\School\MDP-Group14-Github\MDP\3002proj\Core\Src\freertos.c_save
2022-08-23 02:13:05,094 [INFO] CodeEngine:269 - Generated code: D:\Ray\School\MDP-Group14-Github\MDP\3002proj\Core\Src\freertos.c
2022-08-23 02:13:05,105 [INFO] CodeEngine:245 - oldGeneratedFile, D:\Ray\School\MDP-Group14-Github\MDP\3002proj\Core\Src\stm32f4xx_it.c_save
2022-08-23 02:13:05,168 [INFO] CodeEngine:269 - Generated code: D:\Ray\School\MDP-Group14-Github\MDP\3002proj\Core\Src\stm32f4xx_it.c
2022-08-23 02:13:05,170 [INFO] CodeEngine:245 - oldGeneratedFile, D:\Ray\School\MDP-Group14-Github\MDP\3002proj\Core\Inc\stm32f4xx_it.h_save
2022-08-23 02:13:05,219 [INFO] CodeEngine:269 - Generated code: D:\Ray\School\MDP-Group14-Github\MDP\3002proj\Core\Inc\stm32f4xx_it.h
2022-08-23 02:13:05,239 [INFO] CodeEngine:245 - oldGeneratedFile, D:\Ray\School\MDP-Group14-Github\MDP\3002proj\Core\Src\stm32f4xx_hal_msp.c_save
2022-08-23 02:13:05,343 [INFO] CodeEngine:269 - Generated code: D:\Ray\School\MDP-Group14-Github\MDP\3002proj\Core\Src\stm32f4xx_hal_msp.c
2022-08-23 02:13:05,350 [INFO] CodeEngine:245 - oldGeneratedFile, D:\Ray\School\MDP-Group14-Github\MDP\3002proj\MXTmpFiles\system.tmp_save
2022-08-23 02:13:05,402 [INFO] CodeEngine:269 - Generated code: D:\Ray\School\MDP-Group14-Github\MDP\3002proj\MXTmpFiles\system.tmp
2022-08-23 02:13:05,412 [INFO] CodeEngine:245 - oldGeneratedFile, D:\Ray\School\MDP-Group14-Github\MDP\3002proj\Core\Inc\stm32f4xx_hal_conf.h_save
2022-08-23 02:13:05,485 [INFO] CodeEngine:269 - Generated code: D:\Ray\School\MDP-Group14-Github\MDP\3002proj\Core\Inc\stm32f4xx_hal_conf.h
2022-08-23 02:13:05,497 [WARN] IPConfigManager:3348 - IP not found : TIM
2022-08-23 02:13:05,498 [WARN] CodeGenerator:3567 - IP not found : null
2022-08-23 02:13:05,505 [INFO] CodeEngine:245 - oldGeneratedFile, D:\Ray\School\MDP-Group14-Github\MDP\3002proj\Core\Inc\main.h_save
2022-08-23 02:13:05,580 [INFO] CodeEngine:269 - Generated code: D:\Ray\School\MDP-Group14-Github\MDP\3002proj\Core\Inc\main.h
2022-08-23 02:13:05,587 [INFO] CodeEngine:245 - oldGeneratedFile, D:\Ray\School\MDP-Group14-Github\MDP\3002proj\Core\Src\main.c_save
2022-08-23 02:13:05,709 [INFO] CodeEngine:269 - Generated code: D:\Ray\School\MDP-Group14-Github\MDP\3002proj\Core\Src\main.c
2022-08-23 02:13:06,262 [INFO] ProjectBuilder:2919 - Time for Copy HAL[1] : 275mS.
2022-08-23 02:13:06,266 [INFO] ProjectBuilder:4117 - Project Generator version: 3.17.1
2022-08-23 02:13:06,564 [INFO] ConfigFileManager:1394 - The Die is : DIE413
2022-08-23 02:13:07,563 [INFO] ProjectBuilder:4285 - Time for Generating toolchain IDE Files: 1297mS.
2022-08-23 02:13:07,563 [INFO] ProjectBuilder:2790 - Time for Copy CMSIS : 0mS.
2022-08-23 02:13:07,565 [INFO] ProjectBuilder:2790 - Time for Copy CMSIS : 0mS.
2022-08-23 02:13:13,241 [INFO] Gpio:272 - dependency for GPIO [TIM1, TIM2, TIM3, USART3]
2022-08-23 19:20:56,791 [INFO] Activator:177 - 


2022-08-23 19:20:56,807 [INFO] Activator:178 - !SESSION log4j initialized
2022-08-23 19:21:32,577 [ERROR] LogOutputStream:74 - [STDERR_REDIRECT] SLF4J: Failed to load class "org.slf4j.impl.StaticLoggerBinder".
2022-08-23 19:21:32,578 [ERROR] LogOutputStream:74 - [STDERR_REDIRECT] SLF4J: Defaulting to no-operation (NOP) logger implementation
2022-08-23 19:21:32,579 [ERROR] LogOutputStream:74 - [STDERR_REDIRECT] SLF4J: See http://www.slf4j.org/codes.html#StaticLoggerBinder for further details.
2022-08-24 18:32:16,004 [INFO] Activator:177 - 


2022-08-24 18:32:16,018 [INFO] Activator:178 - !SESSION log4j initialized
2022-08-24 18:32:52,621 [ERROR] LogOutputStream:74 - [STDERR_REDIRECT] SLF4J: Failed to load class "org.slf4j.impl.StaticLoggerBinder".
2022-08-24 18:32:52,621 [ERROR] LogOutputStream:74 - [STDERR_REDIRECT] SLF4J: Defaulting to no-operation (NOP) logger implementation
2022-08-24 18:32:52,622 [ERROR] LogOutputStream:74 - [STDERR_REDIRECT] SLF4J: See http://www.slf4j.org/codes.html#StaticLoggerBinder for further details.
